Release 14.7 Map P.20131013 (nt64)
Xilinx Mapping Report File for Design 'ZSinglePhotonCounter'

Design Information
------------------
Command Line   : map -intstyle ise -p xc6slx25-ftg256-2 -w -logic_opt off -ol
high -t 1 -xt 0 -register_duplication off -r 4 -global_opt off -mt off -ir off
-pr off -convert_bram8 -lc off -power off -o ZSinglePhotonCounter_map.ncd
ZSinglePhotonCounter.ngd ZSinglePhotonCounter.pcf 
Target Device  : xc6slx25
Target Package : ftg256
Target Speed   : -2
Mapper Version : spartan6 -- $Revision: 1.55 $
Mapped Date    : Fri Aug 11 14:02:14 2023

Design Summary
--------------
Number of errors:      0
Number of warnings:    1
Slice Logic Utilization:
  Number of Slice Registers:                 2,232 out of  30,064    7%
    Number used as Flip Flops:               2,229
    Number used as Latches:                      0
    Number used as Latch-thrus:                  0
    Number used as AND/OR logics:                3
  Number of Slice LUTs:                      6,006 out of  15,032   39%
    Number used as logic:                    5,870 out of  15,032   39%
      Number using O6 output only:           3,544
      Number using O5 output only:             960
      Number using O5 and O6:                1,366
      Number used as ROM:                        0
    Number used as Memory:                       0 out of   3,664    0%
    Number used exclusively as route-thrus:    136
      Number with same-slice register load:     27
      Number with same-slice carry load:       109
      Number with other load:                    0

Slice Logic Distribution:
  Number of occupied Slices:                 2,003 out of   3,758   53%
  Number of MUXCYs used:                     2,308 out of   7,516   30%
  Number of LUT Flip Flop pairs used:        6,245
    Number with an unused Flip Flop:         4,373 out of   6,245   70%
    Number with an unused LUT:                 239 out of   6,245    3%
    Number of fully used LUT-FF pairs:       1,633 out of   6,245   26%
    Number of unique control sets:             166
    Number of slice register sites lost
      to control set restrictions:             579 out of  30,064    1%

  A LUT Flip Flop pair for this architecture represents one LUT paired with
  one Flip Flop within a slice.  A control set is a unique combination of
  clock, reset, set, and enable signals for a registered element.
  The Slice Logic Distribution report is not meaningful if the design is
  over-mapped for a non-slice resource or if Placement fails.

IO Utilization:
  Number of bonded IOBs:                        74 out of     186   39%
    Number of LOCed IOBs:                       74 out of      74  100%
    IOB Flip Flops:                              1

Specific Feature Utilization:
  Number of RAMB16BWERs:                        52 out of      52  100%
  Number of RAMB8BWERs:                          0 out of     104    0%
  Number of BUFIO2/BUFIO2_2CLKs:                 1 out of      32    3%
    Number used as BUFIO2s:                      1
    Number used as BUFIO2_2CLKs:                 0
  Number of BUFIO2FB/BUFIO2FB_2CLKs:             1 out of      32    3%
    Number used as BUFIO2FBs:                    1
    Number used as BUFIO2FB_2CLKs:               0
  Number of BUFG/BUFGMUXs:                       3 out of      16   18%
    Number used as BUFGs:                        3
    Number used as BUFGMUX:                      0
  Number of DCM/DCM_CLKGENs:                     0 out of       4    0%
  Number of ILOGIC2/ISERDES2s:                   0 out of     272    0%
  Number of IODELAY2/IODRP2/IODRP2_MCBs:         0 out of     272    0%
  Number of OLOGIC2/OSERDES2s:                   1 out of     272    1%
    Number used as OLOGIC2s:                     1
    Number used as OSERDES2s:                    0
  Number of BSCANs:                              0 out of       4    0%
  Number of BUFHs:                               0 out of     160    0%
  Number of BUFPLLs:                             0 out of       8    0%
  Number of BUFPLL_MCBs:                         0 out of       4    0%
  Number of DSP48A1s:                            0 out of      38    0%
  Number of ICAPs:                               0 out of       1    0%
  Number of MCBs:                                0 out of       2    0%
  Number of PCILOGICSEs:                         0 out of       2    0%
  Number of PLL_ADVs:                            1 out of       2   50%
  Number of PMVs:                                0 out of       1    0%
  Number of STARTUPs:                            0 out of       1    0%
  Number of SUSPEND_SYNCs:                       0 out of       1    0%

Average Fanout of Non-Clock Nets:                4.29

Peak Memory Usage:  4688 MB
Total REAL time to MAP completion:  1 mins 18 secs 
Total CPU time to MAP completion:   1 mins 18 secs 

Table of Contents
-----------------
Section 1 - Errors
Section 2 - Warnings
Section 3 - Informational
Section 4 - Removed Logic Summary
Section 5 - Removed Logic
Section 6 - IOB Properties
Section 7 - RPMs
Section 8 - Guide Report
Section 9 - Area Group and Partition Summary
Section 10 - Timing Report
Section 11 - Configuration String Information
Section 12 - Control Set Information
Section 13 - Utilization by Hierarchy

Section 1 - Errors
------------------

Section 2 - Warnings
--------------------
WARNING:Map:303 - You are using an internal switch -convert_bram8 

Section 3 - Informational
-------------------------
INFO:LIT:243 - Logical network uart_rxd_IBUF has no load.
INFO:MapLib:562 - No environment variables are currently set.
INFO:MapLib:1261 - RAMB8BWER block
   'ic_DrawAdapter/ic_DrawCore/ic_PulseCounter_Random/U0/xst_blk_mem_generator/g
   nativebmg.native_blk_mem_gen/valid.cstr/ramloop[0].ram.r/s6_init.ram/SP.SIMPL
   E_PRIM9.ram' has been converted to a RAMB16BWER.
INFO:MapLib:1261 - RAMB8BWER block
   'ic_DrawAdapter/ic_DrawCore/ic_SIN_ROM/U0/xst_blk_mem_generator/gnativebmg.na
   tive_blk_mem_gen/valid.cstr/ramloop[0].ram.r/s6_init.ram/SP.SIMPLE_PRIM9.ram'
   has been converted to a RAMB16BWER.
INFO:MapLib:1261 - RAMB8BWER block
   'ic_ExtSyncLost/ic_ROM_ExtSyncLost/U0/xst_blk_mem_generator/gnativebmg.native
   _blk_mem_gen/valid.cstr/ramloop[12].ram.r/s6_init.ram/SP.SIMPLE_PRIM9.ram'
   has been converted to a RAMB16BWER.
INFO:MapLib:1261 - RAMB8BWER block
   'ic_ExtSyncLost/ic_ROM_ExtSyncLost/U0/xst_blk_mem_generator/gnativebmg.native
   _blk_mem_gen/valid.cstr/ramloop[2].ram.r/s6_init.ram/SP.SIMPLE_PRIM9.ram' has
   been converted to a RAMB16BWER.
INFO:MapLib:1261 - RAMB8BWER block
   'ic_ExtSyncLost/ic_ROM_ExtSyncLost/U0/xst_blk_mem_generator/gnativebmg.native
   _blk_mem_gen/valid.cstr/ramloop[3].ram.r/s6_init.ram/SP.SIMPLE_PRIM9.ram' has
   been converted to a RAMB16BWER.
INFO:MapLib:1261 - RAMB8BWER block
   'ic_TFT43Adapter/ic_ROM_PowerOnSelfTest/U0/xst_blk_mem_generator/gnativebmg.n
   ative_blk_mem_gen/valid.cstr/ramloop[11].ram.r/s6_init.ram/SP.SIMPLE_PRIM9.ra
   m' has been converted to a RAMB16BWER.
INFO:MapLib:1261 - RAMB8BWER block
   'ic_TFT43Adapter/ic_ROM_PowerOnSelfTest/U0/xst_blk_mem_generator/gnativebmg.n
   ative_blk_mem_gen/valid.cstr/ramloop[12].ram.r/s6_init.ram/SP.SIMPLE_PRIM9.ra
   m' has been converted to a RAMB16BWER.
INFO:MapLib:1261 - RAMB8BWER block
   'ic_TFT43Adapter/ic_ROM_PowerOnSelfTest/U0/xst_blk_mem_generator/gnativebmg.n
   ative_blk_mem_gen/valid.cstr/ramloop[15].ram.r/s6_init.ram/SP.SIMPLE_PRIM9.ra
   m' has been converted to a RAMB16BWER.
INFO:MapLib:1261 - RAMB8BWER block
   'ic_TFT43Adapter/ic_ROM_PowerOnSelfTest/U0/xst_blk_mem_generator/gnativebmg.n
   ative_blk_mem_gen/valid.cstr/ramloop[18].ram.r/s6_init.ram/SP.SIMPLE_PRIM9.ra
   m' has been converted to a RAMB16BWER.
INFO:MapLib:1261 - RAMB8BWER block
   'ic_TFT43Adapter/ic_ROM_PowerOnSelfTest/U0/xst_blk_mem_generator/gnativebmg.n
   ative_blk_mem_gen/valid.cstr/ramloop[19].ram.r/s6_init.ram/SP.SIMPLE_PRIM9.ra
   m' has been converted to a RAMB16BWER.
INFO:MapLib:1261 - RAMB8BWER block
   'ic_TFT43Adapter/ic_ROM_PowerOnSelfTest/U0/xst_blk_mem_generator/gnativebmg.n
   ative_blk_mem_gen/valid.cstr/ramloop[20].ram.r/s6_init.ram/SP.SIMPLE_PRIM9.ra
   m' has been converted to a RAMB16BWER.
INFO:MapLib:1261 - RAMB8BWER block
   'ic_TFT43Adapter/ic_ROM_PowerOnSelfTest/U0/xst_blk_mem_generator/gnativebmg.n
   ative_blk_mem_gen/valid.cstr/ramloop[23].ram.r/s6_init.ram/SP.SIMPLE_PRIM9.ra
   m' has been converted to a RAMB16BWER.
INFO:MapLib:1261 - RAMB8BWER block
   'ic_TFT43Adapter/ic_ROM_PowerOnSelfTest/U0/xst_blk_mem_generator/gnativebmg.n
   ative_blk_mem_gen/valid.cstr/ramloop[26].ram.r/s6_init.ram/SP.SIMPLE_PRIM9.ra
   m' has been converted to a RAMB16BWER.
INFO:MapLib:1261 - RAMB8BWER block
   'ic_TFT43Adapter/ic_ROM_PowerOnSelfTest/U0/xst_blk_mem_generator/gnativebmg.n
   ative_blk_mem_gen/valid.cstr/ramloop[27].ram.r/s6_init.ram/SP.SIMPLE_PRIM9.ra
   m' has been converted to a RAMB16BWER.
INFO:MapLib:1261 - RAMB8BWER block
   'ic_TFT43Adapter/ic_ROM_PowerOnSelfTest/U0/xst_blk_mem_generator/gnativebmg.n
   ative_blk_mem_gen/valid.cstr/ramloop[2].ram.r/s6_init.ram/SP.SIMPLE_PRIM9.ram
   ' has been converted to a RAMB16BWER.
INFO:MapLib:1261 - RAMB8BWER block
   'ic_TFT43Adapter/ic_ROM_PowerOnSelfTest/U0/xst_blk_mem_generator/gnativebmg.n
   ative_blk_mem_gen/valid.cstr/ramloop[30].ram.r/s6_init.ram/SP.SIMPLE_PRIM9.ra
   m' has been converted to a RAMB16BWER.
INFO:MapLib:1261 - RAMB8BWER block
   'ic_TFT43Adapter/ic_ROM_PowerOnSelfTest/U0/xst_blk_mem_generator/gnativebmg.n
   ative_blk_mem_gen/valid.cstr/ramloop[3].ram.r/s6_init.ram/SP.SIMPLE_PRIM9.ram
   ' has been converted to a RAMB16BWER.
INFO:MapLib:1261 - RAMB8BWER block
   'ic_TFT43Adapter/ic_ROM_PowerOnSelfTest/U0/xst_blk_mem_generator/gnativebmg.n
   ative_blk_mem_gen/valid.cstr/ramloop[4].ram.r/s6_init.ram/SP.SIMPLE_PRIM9.ram
   ' has been converted to a RAMB16BWER.
INFO:MapLib:1261 - RAMB8BWER block
   'ic_TFT43Adapter/ic_ROM_PowerOnSelfTest/U0/xst_blk_mem_generator/gnativebmg.n
   ative_blk_mem_gen/valid.cstr/ramloop[5].ram.r/s6_init.ram/SP.SIMPLE_PRIM9.ram
   ' has been converted to a RAMB16BWER.
INFO:MapLib:1261 - RAMB8BWER block
   'ic_TFT43Adapter/ic_ROM_PowerOnSelfTest/U0/xst_blk_mem_generator/gnativebmg.n
   ative_blk_mem_gen/valid.cstr/ramloop[8].ram.r/s6_init.ram/SP.SIMPLE_PRIM9.ram
   ' has been converted to a RAMB16BWER.
INFO:LIT:244 - All of the single ended outputs in this design are using slew
   rate limited output drivers. The delay on speed critical single ended outputs
   can be dramatically reduced by designating them as fast outputs.
INFO:Pack:1716 - Initializing temperature to 85.000 Celsius. (default - Range:
   0.000 to 85.000 Celsius)
INFO:Pack:1720 - Initializing voltage to 1.140 Volts. (default - Range: 1.140 to
   1.260 Volts)
INFO:Map:215 - The Interim Design Summary has been generated in the MAP Report
   (.mrp).
INFO:Pack:1650 - Map created a placed design.

Section 4 - Removed Logic Summary
---------------------------------
  11 block(s) optimized away
   2 signal(s) removed

Section 5 - Removed Logic
-------------------------

The trimmed logic report below shows the logic removed from your design due to
sourceless or loadless signals, and VCC or ground connections.  If the removal
of a signal or symbol results in the subsequent removal of an additional signal
or symbol, the message explaining that second removal will be indented.  This
indentation will be repeated as a chain of related logic is removed.

To quickly locate the original cause for the removal of a chain of logic, look
above the place where that logic is listed in the trimming report, then locate
the lines that are least indented (begin at the leftmost edge).

The signal "ic_TFT43Adapter/ic_ROM_PowerOnSelfTest/N0" is sourceless and has
been removed.
The signal "ic_ExtSyncLost/ic_ROM_ExtSyncLost/N0" is sourceless and has been
removed.

Optimized Block(s):
TYPE 		BLOCK
GND 		XST_GND
VCC 		XST_VCC
GND 		ic_DrawAdapter/ic_DrawCore/ic_M9K_ZiMo3232/XST_GND1
GND 		ic_DrawAdapter/ic_DrawCore/ic_PulseCounter_Random/XST_GND
VCC 		ic_DrawAdapter/ic_DrawCore/ic_PulseCounter_Random/XST_VCC
GND 		ic_DrawAdapter/ic_DrawCore/ic_SIN_ROM/XST_GND
VCC 		ic_DrawAdapter/ic_DrawCore/ic_SIN_ROM/XST_VCC
GND 		ic_ExtSyncLost/ic_ROM_ExtSyncLost/XST_GND
VCC 		ic_ExtSyncLost/ic_ROM_ExtSyncLost/XST_VCC
GND 		ic_TFT43Adapter/ic_ROM_PowerOnSelfTest/XST_GND
VCC 		ic_TFT43Adapter/ic_ROM_PowerOnSelfTest/XST_VCC

To enable printing of redundant blocks removed and signals merged, set the
detailed map report option and rerun map.

Section 6 - IOB Properties
--------------------------

+---------------------------------------------------------------------------------------------------------------------------------------------------------+
| IOB Name                           | Type             | Direction | IO Standard          | Diff  | Drive    | Slew | Reg (s)      | Resistor | IOB      |
|                                    |                  |           |                      | Term  | Strength | Rate |              |          | Delay    |
+---------------------------------------------------------------------------------------------------------------------------------------------------------+
| BL_CTR                             | IOB              | OUTPUT    | LVCMOS33             |       | 12       | SLOW |              |          |          |
| LCD_CS                             | IOB              | OUTPUT    | LVCMOS33             |       | 12       | SLOW |              |          |          |
| LCD_DATA<0>                        | IOB              | OUTPUT    | LVCMOS33             |       | 12       | SLOW |              |          |          |
| LCD_DATA<1>                        | IOB              | OUTPUT    | LVCMOS33             |       | 12       | SLOW |              |          |          |
| LCD_DATA<2>                        | IOB              | OUTPUT    | LVCMOS33             |       | 12       | SLOW |              |          |          |
| LCD_DATA<3>                        | IOB              | OUTPUT    | LVCMOS33             |       | 12       | SLOW |              |          |          |
| LCD_DATA<4>                        | IOB              | OUTPUT    | LVCMOS33             |       | 12       | SLOW |              |          |          |
| LCD_DATA<5>                        | IOB              | OUTPUT    | LVCMOS33             |       | 12       | SLOW |              |          |          |
| LCD_DATA<6>                        | IOB              | OUTPUT    | LVCMOS33             |       | 12       | SLOW |              |          |          |
| LCD_DATA<7>                        | IOB              | OUTPUT    | LVCMOS33             |       | 12       | SLOW |              |          |          |
| LCD_DATA<8>                        | IOB              | OUTPUT    | LVCMOS33             |       | 12       | SLOW |              |          |          |
| LCD_DATA<9>                        | IOB              | OUTPUT    | LVCMOS33             |       | 12       | SLOW |              |          |          |
| LCD_DATA<10>                       | IOB              | OUTPUT    | LVCMOS33             |       | 12       | SLOW |              |          |          |
| LCD_DATA<11>                       | IOB              | OUTPUT    | LVCMOS33             |       | 12       | SLOW |              |          |          |
| LCD_DATA<12>                       | IOB              | OUTPUT    | LVCMOS33             |       | 12       | SLOW |              |          |          |
| LCD_DATA<13>                       | IOB              | OUTPUT    | LVCMOS33             |       | 12       | SLOW |              |          |          |
| LCD_DATA<14>                       | IOB              | OUTPUT    | LVCMOS33             |       | 12       | SLOW |              |          |          |
| LCD_DATA<15>                       | IOB              | OUTPUT    | LVCMOS33             |       | 12       | SLOW |              |          |          |
| LCD_RD                             | IOB              | OUTPUT    | LVCMOS33             |       | 12       | SLOW |              |          |          |
| LCD_RS                             | IOB              | OUTPUT    | LVCMOS33             |       | 12       | SLOW |              |          |          |
| LCD_RST                            | IOB              | OUTPUT    | LVCMOS33             |       | 12       | SLOW |              |          |          |
| LCD_WR                             | IOB              | OUTPUT    | LVCMOS33             |       | 12       | SLOW |              |          |          |
| S_A<0>                             | IOB              | OUTPUT    | LVCMOS33             |       | 12       | SLOW |              |          |          |
| S_A<1>                             | IOB              | OUTPUT    | LVCMOS33             |       | 12       | SLOW |              |          |          |
| S_A<2>                             | IOB              | OUTPUT    | LVCMOS33             |       | 12       | SLOW |              |          |          |
| S_A<3>                             | IOB              | OUTPUT    | LVCMOS33             |       | 12       | SLOW |              |          |          |
| S_A<4>                             | IOB              | OUTPUT    | LVCMOS33             |       | 12       | SLOW |              |          |          |
| S_A<5>                             | IOB              | OUTPUT    | LVCMOS33             |       | 12       | SLOW |              |          |          |
| S_A<6>                             | IOB              | OUTPUT    | LVCMOS33             |       | 12       | SLOW |              |          |          |
| S_A<7>                             | IOB              | OUTPUT    | LVCMOS33             |       | 12       | SLOW |              |          |          |
| S_A<8>                             | IOB              | OUTPUT    | LVCMOS33             |       | 12       | SLOW |              |          |          |
| S_A<9>                             | IOB              | OUTPUT    | LVCMOS33             |       | 12       | SLOW |              |          |          |
| S_A<10>                            | IOB              | OUTPUT    | LVCMOS33             |       | 12       | SLOW |              |          |          |
| S_A<11>                            | IOB              | OUTPUT    | LVCMOS33             |       | 12       | SLOW |              |          |          |
| S_A<12>                            | IOB              | OUTPUT    | LVCMOS33             |       | 12       | SLOW |              |          |          |
| S_BA<0>                            | IOB              | OUTPUT    | LVCMOS33             |       | 12       | SLOW |              |          |          |
| S_BA<1>                            | IOB              | OUTPUT    | LVCMOS33             |       | 12       | SLOW |              |          |          |
| S_CKE                              | IOB              | OUTPUT    | LVCMOS33             |       | 12       | SLOW |              |          |          |
| S_CLK                              | IOB              | OUTPUT    | LVCMOS33             |       | 12       | SLOW | ODDR         |          |          |
| S_DQ<0>                            | IOB              | BIDIR     | LVCMOS33             |       | 12       | SLOW |              |          |          |
| S_DQ<1>                            | IOB              | BIDIR     | LVCMOS33             |       | 12       | SLOW |              |          |          |
| S_DQ<2>                            | IOB              | BIDIR     | LVCMOS33             |       | 12       | SLOW |              |          |          |
| S_DQ<3>                            | IOB              | BIDIR     | LVCMOS33             |       | 12       | SLOW |              |          |          |
| S_DQ<4>                            | IOB              | BIDIR     | LVCMOS33             |       | 12       | SLOW |              |          |          |
| S_DQ<5>                            | IOB              | BIDIR     | LVCMOS33             |       | 12       | SLOW |              |          |          |
| S_DQ<6>                            | IOB              | BIDIR     | LVCMOS33             |       | 12       | SLOW |              |          |          |
| S_DQ<7>                            | IOB              | BIDIR     | LVCMOS33             |       | 12       | SLOW |              |          |          |
| S_DQ<8>                            | IOB              | BIDIR     | LVCMOS33             |       | 12       | SLOW |              |          |          |
| S_DQ<9>                            | IOB              | BIDIR     | LVCMOS33             |       | 12       | SLOW |              |          |          |
| S_DQ<10>                           | IOB              | BIDIR     | LVCMOS33             |       | 12       | SLOW |              |          |          |
| S_DQ<11>                           | IOB              | BIDIR     | LVCMOS33             |       | 12       | SLOW |              |          |          |
| S_DQ<12>                           | IOB              | BIDIR     | LVCMOS33             |       | 12       | SLOW |              |          |          |
| S_DQ<13>                           | IOB              | BIDIR     | LVCMOS33             |       | 12       | SLOW |              |          |          |
| S_DQ<14>                           | IOB              | BIDIR     | LVCMOS33             |       | 12       | SLOW |              |          |          |
| S_DQ<15>                           | IOB              | BIDIR     | LVCMOS33             |       | 12       | SLOW |              |          |          |
| S_DQM<0>                           | IOB              | OUTPUT    | LVCMOS33             |       | 12       | SLOW |              |          |          |
| S_DQM<1>                           | IOB              | OUTPUT    | LVCMOS33             |       | 12       | SLOW |              |          |          |
| S_nCAS                             | IOB              | OUTPUT    | LVCMOS33             |       | 12       | SLOW |              |          |          |
| S_nCS                              | IOB              | OUTPUT    | LVCMOS33             |       | 12       | SLOW |              |          |          |
| S_nRAS                             | IOB              | OUTPUT    | LVCMOS33             |       | 12       | SLOW |              |          |          |
| S_nWE                              | IOB              | OUTPUT    | LVCMOS33             |       | 12       | SLOW |              |          |          |
| clk                                | IOB              | INPUT     | LVCMOS33             |       |          |      |              |          |          |
| clk_used                           | IOB              | OUTPUT    | LVCMOS33             |       | 12       | SLOW |              |          |          |
| iButton<0>                         | IOB              | INPUT     | LVCMOS33             |       |          |      |              | PULLUP   |          |
| iButton<1>                         | IOB              | INPUT     | LVCMOS33             |       |          |      |              | PULLUP   |          |
| iButton<2>                         | IOB              | INPUT     | LVCMOS33             |       |          |      |              | PULLUP   |          |
| iButton<3>                         | IOB              | INPUT     | LVCMOS33             |       |          |      |              | PULLUP   |          |
| led                                | IOB              | OUTPUT    | LVCMOS33             |       | 12       | SLOW |              |          |          |
| photon_pulse                       | IOB              | INPUT     | LVCMOS33             |       |          |      |              |          |          |
| photon_pulse_simulate              | IOB              | OUTPUT    | LVCMOS33             |       | 12       | SLOW |              |          |          |
| sync_50Hz                          | IOB              | INPUT     | LVCMOS33             |       |          |      |              |          |          |
| sync_50Hz_simulate                 | IOB              | OUTPUT    | LVCMOS33             |       | 12       | SLOW |              |          |          |
| uart_rxd                           | IOB              | INPUT     | LVCMOS33             |       |          |      |              |          |          |
| uart_txd                           | IOB              | OUTPUT    | LVCMOS33             |       | 12       | SLOW |              |          |          |
+---------------------------------------------------------------------------------------------------------------------------------------------------------+

Section 7 - RPMs
----------------

Section 8 - Guide Report
------------------------
Guide not run on this design.

Section 9 - Area Group and Partition Summary
--------------------------------------------

Partition Implementation Status
-------------------------------

  No Partitions were found in this design.

-------------------------------

Area Group Information
----------------------

  No area groups were found in this design.

----------------------

Section 10 - Timing Report
--------------------------
A logic-level (pre-route) timing report can be generated by using Xilinx static
timing analysis tools, Timing Analyzer (GUI) or TRCE (command line), with the
mapped NCD and PCF files. Please note that this timing report will be generated
using estimated delay information. For accurate numbers, please generate a
timing report with the post Place and Route NCD file.

For more information about the Timing Analyzer, consult the Xilinx Timing
Analyzer Reference Manual; for more information about TRCE, consult the Xilinx
Command Line Tools User Guide "TRACE" chapter.

Section 11 - Configuration String Details
-----------------------------------------
Use the "-detail" map option to print out Configuration Strings

Section 12 - Control Set Information
------------------------------------
Use the "-detail" map option to print out Control Set Information.

Section 13 - Utilization by Hierarchy
-------------------------------------
Use the "-detail" map option to print out the Utilization by Hierarchy section.
