(---------------------------------------------------------------------)
(                                                                     )
(    RENAME REFDES                                                    )
(                                                                     )
(    Drawing          : SAPD2-1.brd                                   )
(    Software Version : 17.4S017                                      )
(    Date/Time        : Thu Nov 24 21:49:22 2022                      )
(                                                                     )
(---------------------------------------------------------------------)


Renaming components on BOTH_SIDES on entire BOARD
    Extents: (-300.0000,-300.0000) (700.0000,700.0000)

Sequencing the reference designators SEQUENTIALLY
Row processing direction : to the RIGHT, from the top down.

OLD TP35    NEW TP1
OLD TP37    NEW TP2
OLD TP34    NEW TP3
OLD R87    NEW R1
OLD R88    NEW R2
OLD Q13    NEW Q1
OLD TP3    NEW TP4
OLD TP13    NEW TP5
OLD C1    NEW C1
OLD D1    NEW D1
OLD R112    NEW R3
OLD R111    NEW R4
OLD L1    NEW L1
OLD Q1    NEW Q2
OLD C5    NEW C2
OLD R90    NEW R5
OLD R91    NEW R6
OLD R113    NEW R7
OLD R86    NEW R8
OLD Q14    NEW Q3
OLD R11    NEW R9
OLD U8    NEW U1
OLD R12    NEW R10
OLD TP6    NEW TP6
OLD C10    NEW C3
OLD TP18    NEW TP7
OLD R85    NEW R11
OLD R89    NEW R12
OLD U5    NEW U2
OLD R107    NEW R13
OLD R73    NEW R14
OLD R3    NEW R15
OLD C2    NEW C4
OLD D28    NEW D2
OLD C9    NEW C5
OLD C38    NEW C6
OLD R108    NEW R16
OLD TP19    NEW TP8
OLD R1    NEW R17
OLD C3    NEW C7
OLD L2    NEW L2
OLD TP4    NEW TP9
OLD R98    NEW R18
OLD D26    NEW D3
OLD R5    NEW R19
OLD R83    NEW R20
OLD TP38    NEW TP10
OLD R6    NEW R21
OLD U1    NEW U3
OLD Q18    NEW Q4
OLD R99    NEW R22
OLD Q19    NEW Q5
OLD R7    NEW R23
OLD D25    NEW D4
OLD C8    NEW C8
OLD C4    NEW C9
OLD TP5    NEW TP11
OLD R8    NEW R24
OLD R2    NEW R25
OLD Q12    NEW Q6
OLD R100    NEW R26
OLD R63    NEW R27
OLD TP1    NEW TP12
OLD R101    NEW R28
OLD TP33    NEW TP13
OLD R81    NEW R29
OLD R82    NEW R30
OLD TP23    NEW TP14
OLD TP24    NEW TP15
OLD TP36    NEW TP16
OLD D6    NEW D5
OLD C44    NEW C10
OLD C43    NEW C11
OLD C50    NEW C12
OLD TP14    NEW TP17
OLD TP16    NEW TP18
OLD TP32    NEW TP19
OLD TP28    NEW TP20
OLD C30    NEW C13
OLD L3    NEW L3
OLD R106    NEW R31
OLD D3    NEW D6
OLD C29    NEW C14
OLD R84    NEW R32
OLD C53    NEW C15
OLD D27    NEW D7
OLD L4    NEW L4
OLD C48    NEW C16
OLD C47    NEW C17
OLD D4    NEW D8
OLD U6    NEW U4
OLD C46    NEW C18
OLD R102    NEW R33
OLD C52    NEW C19
OLD C51    NEW C20
OLD TP29    NEW TP21
OLD U7    NEW U5
OLD R35    NEW R34
OLD Q4    NEW Q7
OLD R103    NEW R35
OLD TP30    NEW TP22
OLD R105    NEW R36
OLD R72    NEW R37
OLD C7    NEW C21
OLD R80    NEW R38
OLD R79    NEW R39
OLD Q11    NEW Q8
OLD R104    NEW R40
OLD D11    NEW D9
OLD C32    NEW C22
OLD TP31    NEW TP23
OLD D12    NEW D10
OLD TP27    NEW TP24
OLD TP20    NEW TP25
OLD R38    NEW R41
OLD R33    NEW R42
OLD TP21    NEW TP26
OLD TP15    NEW TP27
OLD TP17    NEW TP28
OLD TP22    NEW TP29
OLD R77    NEW R43
OLD C49    NEW C23
OLD R78    NEW R44
OLD R37    NEW R45
OLD R34    NEW R46
Sequencing the reference designators SEQUENTIALLY
Row processing direction : to the LEFT, from the top down.

Reference designator C1 already exists ... skipping to C2.
Reference designator C2 already exists ... skipping to C3.
Reference designator C3 already exists ... skipping to C4.
Reference designator C4 already exists ... skipping to C5.
Reference designator C5 already exists ... skipping to C6.
Reference designator C6 already exists ... skipping to C7.
Reference designator C7 already exists ... skipping to C8.
Reference designator C8 already exists ... skipping to C9.
Reference designator C9 already exists ... skipping to C10.
Reference designator C10 already exists ... skipping to C11.
Reference designator C11 already exists ... skipping to C12.
Reference designator C12 already exists ... skipping to C13.
Reference designator C13 already exists ... skipping to C14.
Reference designator C14 already exists ... skipping to C15.
Reference designator C15 already exists ... skipping to C16.
Reference designator C16 already exists ... skipping to C17.
Reference designator C17 already exists ... skipping to C18.
Reference designator C18 already exists ... skipping to C19.
Reference designator C19 already exists ... skipping to C20.
Reference designator C20 already exists ... skipping to C21.
Reference designator C21 already exists ... skipping to C22.
Reference designator C22 already exists ... skipping to C23.
Reference designator C23 already exists ... skipping to C24.
OLD C42    NEW C24
Reference designator R1 already exists ... skipping to R2.
Reference designator R2 already exists ... skipping to R3.
Reference designator R3 already exists ... skipping to R4.
Reference designator R4 already exists ... skipping to R5.
Reference designator R5 already exists ... skipping to R6.
Reference designator R6 already exists ... skipping to R7.
Reference designator R7 already exists ... skipping to R8.
Reference designator R8 already exists ... skipping to R9.
Reference designator R9 already exists ... skipping to R10.
Reference designator R10 already exists ... skipping to R11.
Reference designator R11 already exists ... skipping to R12.
Reference designator R12 already exists ... skipping to R13.
Reference designator R13 already exists ... skipping to R14.
Reference designator R14 already exists ... skipping to R15.
Reference designator R15 already exists ... skipping to R16.
Reference designator R16 already exists ... skipping to R17.
Reference designator R17 already exists ... skipping to R18.
Reference designator R18 already exists ... skipping to R19.
Reference designator R19 already exists ... skipping to R20.
Reference designator R20 already exists ... skipping to R21.
Reference designator R21 already exists ... skipping to R22.
Reference designator R22 already exists ... skipping to R23.
Reference designator R23 already exists ... skipping to R24.
Reference designator R24 already exists ... skipping to R25.
Reference designator R25 already exists ... skipping to R26.
Reference designator R26 already exists ... skipping to R27.
Reference designator R27 already exists ... skipping to R28.
Reference designator R28 already exists ... skipping to R29.
Reference designator R29 already exists ... skipping to R30.
Reference designator R30 already exists ... skipping to R31.
Reference designator R31 already exists ... skipping to R32.
Reference designator R32 already exists ... skipping to R33.
Reference designator R33 already exists ... skipping to R34.
Reference designator R34 already exists ... skipping to R35.
Reference designator R35 already exists ... skipping to R36.
Reference designator R36 already exists ... skipping to R37.
Reference designator R37 already exists ... skipping to R38.
Reference designator R38 already exists ... skipping to R39.
Reference designator R39 already exists ... skipping to R40.
Reference designator R40 already exists ... skipping to R41.
Reference designator R41 already exists ... skipping to R42.
Reference designator R42 already exists ... skipping to R43.
Reference designator R43 already exists ... skipping to R44.
Reference designator R44 already exists ... skipping to R45.
Reference designator R45 already exists ... skipping to R46.
Reference designator R46 already exists ... skipping to R47.
OLD R67    NEW R47
