Release 14.7 Map P.20131013 (nt64)
Xilinx Mapping Report File for Design 'ZSDRAM_Module_Demo'

Design Information
------------------
Command Line   : map -intstyle ise -p xc6slx25-ftg256-2 -w -logic_opt off -ol
high -t 1 -xt 0 -register_duplication off -r 4 -global_opt off -mt off -ir off
-pr off -lc off -power off -o ZSDRAM_Module_Demo_map.ncd ZSDRAM_Module_Demo.ngd
ZSDRAM_Module_Demo.pcf 
Target Device  : xc6slx25
Target Package : ftg256
Target Speed   : -2
Mapper Version : spartan6 -- $Revision: 1.55 $
Mapped Date    : Mon Mar 20 17:57:52 2023

Design Summary
--------------
Number of errors:      0
Number of warnings:    0
Slice Logic Utilization:
  Number of Slice Registers:                   302 out of  30,064    1%
    Number used as Flip Flops:                 302
    Number used as Latches:                      0
    Number used as Latch-thrus:                  0
    Number used as AND/OR logics:                0
  Number of Slice LUTs:                        472 out of  15,032    3%
    Number used as logic:                      464 out of  15,032    3%
      Number using O6 output only:             284
      Number using O5 output only:              81
      Number using O5 and O6:                   99
      Number used as ROM:                        0
    Number used as Memory:                       0 out of   3,664    0%
    Number used exclusively as route-thrus:      8
      Number with same-slice register load:      3
      Number with same-slice carry load:         5
      Number with other load:                    0

Slice Logic Distribution:
  Number of occupied Slices:                   204 out of   3,758    5%
  Number of MUXCYs used:                       140 out of   7,516    1%
  Number of LUT Flip Flop pairs used:          502
    Number with an unused Flip Flop:           236 out of     502   47%
    Number with an unused LUT:                  30 out of     502    5%
    Number of fully used LUT-FF pairs:         236 out of     502   47%
    Number of unique control sets:              30
    Number of slice register sites lost
      to control set restrictions:              74 out of  30,064    1%

  A LUT Flip Flop pair for this architecture represents one LUT paired with
  one Flip Flop within a slice.  A control set is a unique combination of
  clock, reset, set, and enable signals for a registered element.
  The Slice Logic Distribution report is not meaningful if the design is
  over-mapped for a non-slice resource or if Placement fails.

IO Utilization:
  Number of bonded IOBs:                        47 out of     186   25%
    Number of LOCed IOBs:                       47 out of      47  100%
    IOB Flip Flops:                              1

Specific Feature Utilization:
  Number of RAMB16BWERs:                         0 out of      52    0%
  Number of RAMB8BWERs:                          0 out of     104    0%
  Number of BUFIO2/BUFIO2_2CLKs:                 1 out of      32    3%
    Number used as BUFIO2s:                      1
    Number used as BUFIO2_2CLKs:                 0
  Number of BUFIO2FB/BUFIO2FB_2CLKs:             1 out of      32    3%
    Number used as BUFIO2FBs:                    1
    Number used as BUFIO2FB_2CLKs:               0
  Number of BUFG/BUFGMUXs:                       4 out of      16   25%
    Number used as BUFGs:                        4
    Number used as BUFGMUX:                      0
  Number of DCM/DCM_CLKGENs:                     0 out of       4    0%
  Number of ILOGIC2/ISERDES2s:                   0 out of     272    0%
  Number of IODELAY2/IODRP2/IODRP2_MCBs:         0 out of     272    0%
  Number of OLOGIC2/OSERDES2s:                   1 out of     272    1%
    Number used as OLOGIC2s:                     1
    Number used as OSERDES2s:                    0
  Number of BSCANs:                              0 out of       4    0%
  Number of BUFHs:                               0 out of     160    0%
  Number of BUFPLLs:                             0 out of       8    0%
  Number of BUFPLL_MCBs:                         0 out of       4    0%
  Number of DSP48A1s:                            0 out of      38    0%
  Number of ICAPs:                               0 out of       1    0%
  Number of MCBs:                                0 out of       2    0%
  Number of PCILOGICSEs:                         0 out of       2    0%
  Number of PLL_ADVs:                            1 out of       2   50%
  Number of PMVs:                                0 out of       1    0%
  Number of STARTUPs:                            0 out of       1    0%
  Number of SUSPEND_SYNCs:                       0 out of       1    0%

Average Fanout of Non-Clock Nets:                4.20

Peak Memory Usage:  4549 MB
Total REAL time to MAP completion:  9 secs 
Total CPU time to MAP completion:   7 secs 

Table of Contents
-----------------
Section 1 - Errors
Section 2 - Warnings
Section 3 - Informational
Section 4 - Removed Logic Summary
Section 5 - Removed Logic
Section 6 - IOB Properties
Section 7 - RPMs
Section 8 - Guide Report
Section 9 - Area Group and Partition Summary
Section 10 - Timing Report
Section 11 - Configuration String Information
Section 12 - Control Set Information
Section 13 - Utilization by Hierarchy

Section 1 - Errors
------------------

Section 2 - Warnings
--------------------

Section 3 - Informational
-------------------------
INFO:MapLib:562 - No environment variables are currently set.
INFO:LIT:244 - All of the single ended outputs in this design are using slew
   rate limited output drivers. The delay on speed critical single ended outputs
   can be dramatically reduced by designating them as fast outputs.
INFO:Pack:1716 - Initializing temperature to 85.000 Celsius. (default - Range:
   0.000 to 85.000 Celsius)
INFO:Pack:1720 - Initializing voltage to 1.140 Volts. (default - Range: 1.140 to
   1.260 Volts)
INFO:Map:215 - The Interim Design Summary has been generated in the MAP Report
   (.mrp).
INFO:Pack:1650 - Map created a placed design.

Section 4 - Removed Logic Summary
---------------------------------
   2 block(s) optimized away

Section 5 - Removed Logic
-------------------------

Optimized Block(s):
TYPE 		BLOCK
GND 		XST_GND
VCC 		XST_VCC

To enable printing of redundant blocks removed and signals merged, set the
detailed map report option and rerun map.

Section 6 - IOB Properties
--------------------------

+---------------------------------------------------------------------------------------------------------------------------------------------------------+
| IOB Name                           | Type             | Direction | IO Standard          | Diff  | Drive    | Slew | Reg (s)      | Resistor | IOB      |
|                                    |                  |           |                      | Term  | Strength | Rate |              |          | Delay    |
+---------------------------------------------------------------------------------------------------------------------------------------------------------+
| LED                                | IOB              | OUTPUT    | LVCMOS33             |       | 12       | SLOW |              |          |          |
| S_A<0>                             | IOB              | OUTPUT    | LVCMOS33             |       | 12       | SLOW |              |          |          |
| S_A<1>                             | IOB              | OUTPUT    | LVCMOS33             |       | 12       | SLOW |              |          |          |
| S_A<2>                             | IOB              | OUTPUT    | LVCMOS33             |       | 12       | SLOW |              |          |          |
| S_A<3>                             | IOB              | OUTPUT    | LVCMOS33             |       | 12       | SLOW |              |          |          |
| S_A<4>                             | IOB              | OUTPUT    | LVCMOS33             |       | 12       | SLOW |              |          |          |
| S_A<5>                             | IOB              | OUTPUT    | LVCMOS33             |       | 12       | SLOW |              |          |          |
| S_A<6>                             | IOB              | OUTPUT    | LVCMOS33             |       | 12       | SLOW |              |          |          |
| S_A<7>                             | IOB              | OUTPUT    | LVCMOS33             |       | 12       | SLOW |              |          |          |
| S_A<8>                             | IOB              | OUTPUT    | LVCMOS33             |       | 12       | SLOW |              |          |          |
| S_A<9>                             | IOB              | OUTPUT    | LVCMOS33             |       | 12       | SLOW |              |          |          |
| S_A<10>                            | IOB              | OUTPUT    | LVCMOS33             |       | 12       | SLOW |              |          |          |
| S_A<11>                            | IOB              | OUTPUT    | LVCMOS33             |       | 12       | SLOW |              |          |          |
| S_A<12>                            | IOB              | OUTPUT    | LVCMOS33             |       | 12       | SLOW |              |          |          |
| S_BA<0>                            | IOB              | OUTPUT    | LVCMOS33             |       | 12       | SLOW |              |          |          |
| S_BA<1>                            | IOB              | OUTPUT    | LVCMOS33             |       | 12       | SLOW |              |          |          |
| S_CKE                              | IOB              | OUTPUT    | LVCMOS33             |       | 12       | SLOW |              |          |          |
| S_CLK                              | IOB              | OUTPUT    | LVCMOS33             |       | 12       | SLOW | ODDR         |          |          |
| S_DQ<0>                            | IOB              | BIDIR     | LVCMOS33             |       | 12       | SLOW |              |          |          |
| S_DQ<1>                            | IOB              | BIDIR     | LVCMOS33             |       | 12       | SLOW |              |          |          |
| S_DQ<2>                            | IOB              | BIDIR     | LVCMOS33             |       | 12       | SLOW |              |          |          |
| S_DQ<3>                            | IOB              | BIDIR     | LVCMOS33             |       | 12       | SLOW |              |          |          |
| S_DQ<4>                            | IOB              | BIDIR     | LVCMOS33             |       | 12       | SLOW |              |          |          |
| S_DQ<5>                            | IOB              | BIDIR     | LVCMOS33             |       | 12       | SLOW |              |          |          |
| S_DQ<6>                            | IOB              | BIDIR     | LVCMOS33             |       | 12       | SLOW |              |          |          |
| S_DQ<7>                            | IOB              | BIDIR     | LVCMOS33             |       | 12       | SLOW |              |          |          |
| S_DQ<8>                            | IOB              | BIDIR     | LVCMOS33             |       | 12       | SLOW |              |          |          |
| S_DQ<9>                            | IOB              | BIDIR     | LVCMOS33             |       | 12       | SLOW |              |          |          |
| S_DQ<10>                           | IOB              | BIDIR     | LVCMOS33             |       | 12       | SLOW |              |          |          |
| S_DQ<11>                           | IOB              | BIDIR     | LVCMOS33             |       | 12       | SLOW |              |          |          |
| S_DQ<12>                           | IOB              | BIDIR     | LVCMOS33             |       | 12       | SLOW |              |          |          |
| S_DQ<13>                           | IOB              | BIDIR     | LVCMOS33             |       | 12       | SLOW |              |          |          |
| S_DQ<14>                           | IOB              | BIDIR     | LVCMOS33             |       | 12       | SLOW |              |          |          |
| S_DQ<15>                           | IOB              | BIDIR     | LVCMOS33             |       | 12       | SLOW |              |          |          |
| S_DQM<0>                           | IOB              | OUTPUT    | LVCMOS33             |       | 12       | SLOW |              |          |          |
| S_DQM<1>                           | IOB              | OUTPUT    | LVCMOS33             |       | 12       | SLOW |              |          |          |
| S_nCAS                             | IOB              | OUTPUT    | LVCMOS33             |       | 12       | SLOW |              |          |          |
| S_nCS                              | IOB              | OUTPUT    | LVCMOS33             |       | 12       | SLOW |              |          |          |
| S_nRAS                             | IOB              | OUTPUT    | LVCMOS33             |       | 12       | SLOW |              |          |          |
| S_nWE                              | IOB              | OUTPUT    | LVCMOS33             |       | 12       | SLOW |              |          |          |
| TXD                                | IOB              | OUTPUT    | LVCMOS33             |       | 12       | SLOW |              |          |          |
| clk                                | IOB              | INPUT     | LVCMOS33             |       |          |      |              |          |          |
| oled_cs_n                          | IOB              | OUTPUT    | LVCMOS33             |       | 12       | SLOW |              |          |          |
| oled_dc                            | IOB              | OUTPUT    | LVCMOS33             |       | 12       | SLOW |              |          |          |
| oled_rst                           | IOB              | OUTPUT    | LVCMOS33             |       | 12       | SLOW |              |          |          |
| oled_sclk                          | IOB              | OUTPUT    | LVCMOS33             |       | 12       | SLOW |              |          |          |
| oled_sdin                          | IOB              | OUTPUT    | LVCMOS33             |       | 12       | SLOW |              |          |          |
+---------------------------------------------------------------------------------------------------------------------------------------------------------+

Section 7 - RPMs
----------------

Section 8 - Guide Report
------------------------
Guide not run on this design.

Section 9 - Area Group and Partition Summary
--------------------------------------------

Partition Implementation Status
-------------------------------

  No Partitions were found in this design.

-------------------------------

Area Group Information
----------------------

  No area groups were found in this design.

----------------------

Section 10 - Timing Report
--------------------------
A logic-level (pre-route) timing report can be generated by using Xilinx static
timing analysis tools, Timing Analyzer (GUI) or TRCE (command line), with the
mapped NCD and PCF files. Please note that this timing report will be generated
using estimated delay information. For accurate numbers, please generate a
timing report with the post Place and Route NCD file.

For more information about the Timing Analyzer, consult the Xilinx Timing
Analyzer Reference Manual; for more information about TRCE, consult the Xilinx
Command Line Tools User Guide "TRACE" chapter.

Section 11 - Configuration String Details
-----------------------------------------
Use the "-detail" map option to print out Configuration Strings

Section 12 - Control Set Information
------------------------------------
Use the "-detail" map option to print out Control Set Information.

Section 13 - Utilization by Hierarchy
-------------------------------------
Use the "-detail" map option to print out the Utilization by Hierarchy section.
