Release 14.7 - ngc2edif P.20131013 (nt64)
Copyright (c) 1995-2013 Xilinx, Inc.  All rights reserved.
Reading design led.ngc ...
WARNING:NetListWriters:298 - No output is written to led.xncf, ignored.
Processing design ...
   Preping design's networks ...
   Preping design's macros ...
  finished :Prep
Writing EDIF netlist file led.edif ...
ngc2edif: Total memory usage is 4316604 kilobytes

Release 14.7 - ngc2edif P.20131013 (nt64)
Copyright (c) 1995-2013 Xilinx, Inc.  All rights reserved.
Reading design led.ngc ...
WARNING:NetListWriters:298 - No output is written to led.xncf, ignored.
Processing design ...
   Preping design's networks ...
   Preping design's macros ...
  finished :Prep
Writing EDIF netlist file led.edif ...
ngc2edif: Total memory usage is 4316152 kilobytes

Release 14.7 - ngc2edif P.20131013 (nt64)
Copyright (c) 1995-2013 Xilinx, Inc.  All rights reserved.
Reading design led.ngc ...
WARNING:NetListWriters:298 - No output is written to led.xncf, ignored.
Processing design ...
   Preping design's networks ...
   Preping design's macros ...
  finished :Prep
Writing EDIF netlist file led.edif ...
ngc2edif: Total memory usage is 4316216 kilobytes

Release 14.7 - ngc2edif P.20131013 (nt64)
Copyright (c) 1995-2013 Xilinx, Inc.  All rights reserved.
Reading design led.ngc ...
WARNING:NetListWriters:298 - No output is written to led.xncf, ignored.
Processing design ...
   Preping design's networks ...
   Preping design's macros ...
  finished :Prep
Writing EDIF netlist file led.edif ...
ngc2edif: Total memory usage is 4316152 kilobytes

Release 14.7 - ngc2edif P.20131013 (nt64)
Copyright (c) 1995-2013 Xilinx, Inc.  All rights reserved.
Reading design led.ngc ...
WARNING:NetListWriters:298 - No output is written to led.xncf, ignored.
Processing design ...
   Preping design's networks ...
   Preping design's macros ...
  finished :Prep
Writing EDIF netlist file led.edif ...
ngc2edif: Total memory usage is 4315576 kilobytes

Release 14.7 - ngc2edif P.20131013 (nt64)
Copyright (c) 1995-2013 Xilinx, Inc.  All rights reserved.
Reading design SAPDXC.ngc ...
WARNING:NetListWriters:298 - No output is written to SAPDXC.xncf, ignored.
Processing design ...
   Preping design's networks ...
   Preping design's macros ...
  finished :Prep
Writing EDIF netlist file SAPDXC.edif ...
ngc2edif: Total memory usage is 4313456 kilobytes

Release 14.7 - ngc2edif P.20131013 (nt64)
Copyright (c) 1995-2013 Xilinx, Inc.  All rights reserved.
Reading design SAPDXC.ngc ...
WARNING:NetListWriters:298 - No output is written to SAPDXC.xncf, ignored.
Processing design ...
   Preping design's networks ...
   Preping design's macros ...
  finished :Prep
Writing EDIF netlist file SAPDXC.edif ...
ngc2edif: Total memory usage is 4313456 kilobytes

Release 14.7 - ngc2edif P.20131013 (nt64)
Copyright (c) 1995-2013 Xilinx, Inc.  All rights reserved.
Reading design SAPDXC.ngc ...
WARNING:NetListWriters:298 - No output is written to SAPDXC.xncf, ignored.
Processing design ...
   Preping design's networks ...
   Preping design's macros ...
  finished :Prep
Writing EDIF netlist file SAPDXC.edif ...
ngc2edif: Total memory usage is 4313456 kilobytes

Release 14.7 - ngc2edif P.20131013 (nt64)
Copyright (c) 1995-2013 Xilinx, Inc.  All rights reserved.
Reading design SAPDXC.ngc ...
WARNING:NetListWriters:298 - No output is written to SAPDXC.xncf, ignored.
Processing design ...
   Preping design's networks ...
   Preping design's macros ...
  finished :Prep
Writing EDIF netlist file SAPDXC.edif ...
ngc2edif: Total memory usage is 4313456 kilobytes

Release 14.7 - ngc2edif P.20131013 (nt64)
Copyright (c) 1995-2013 Xilinx, Inc.  All rights reserved.
Reading design SAPDXC.ngc ...
WARNING:NetListWriters:298 - No output is written to SAPDXC.xncf, ignored.
Processing design ...
   Preping design's networks ...
   Preping design's macros ...
  finished :Prep
Writing EDIF netlist file SAPDXC.edif ...
ngc2edif: Total memory usage is 4313456 kilobytes

Release 14.7 - ngc2edif P.20131013 (nt64)
Copyright (c) 1995-2013 Xilinx, Inc.  All rights reserved.
Reading design SAPDXC.ngc ...
WARNING:NetListWriters:298 - No output is written to SAPDXC.xncf, ignored.
Processing design ...
   Preping design's networks ...
   Preping design's macros ...
  finished :Prep
Writing EDIF netlist file SAPDXC.edif ...
ngc2edif: Total memory usage is 4313456 kilobytes

Release 14.7 - ngc2edif P.20131013 (nt64)
Copyright (c) 1995-2013 Xilinx, Inc.  All rights reserved.
Reading design SAPDXC.ngc ...
WARNING:NetListWriters:298 - No output is written to SAPDXC.xncf, ignored.
Processing design ...
   Preping design's networks ...
   Preping design's macros ...
  finished :Prep
Writing EDIF netlist file SAPDXC.edif ...
ngc2edif: Total memory usage is 4313456 kilobytes

Release 14.7 - ngc2edif P.20131013 (nt64)
Copyright (c) 1995-2013 Xilinx, Inc.  All rights reserved.
Reading design SAPDXC.ngc ...
WARNING:NetListWriters:298 - No output is written to SAPDXC.xncf, ignored.
Processing design ...
   Preping design's networks ...
   Preping design's macros ...
  finished :Prep
Writing EDIF netlist file SAPDXC.edif ...
ngc2edif: Total memory usage is 4313456 kilobytes

Release 14.7 - ngc2edif P.20131013 (nt64)
Copyright (c) 1995-2013 Xilinx, Inc.  All rights reserved.
Reading design SAPDXC.ngc ...
WARNING:NetListWriters:298 - No output is written to SAPDXC.xncf, ignored.
Processing design ...
   Preping design's networks ...
   Preping design's macros ...
  finished :Prep
Writing EDIF netlist file SAPDXC.edif ...
ngc2edif: Total memory usage is 4317552 kilobytes

