(---------------------------------------------------------------------)
(                                                                     )
(    ARTWORK LOG                                                      )
(                                                                     )
(    Drawing          : XS6-9.brd                                     )
(    Software Version : 17.4S017                                      )
(    Date/Time        : Tue Jun 27 11:09:36 2023                      )
(                                                                     )
(---------------------------------------------------------------------)


 ---- Photoplot outline rectangle not found; using drawing extents.



Results from parameter file ...
    DEVICE-TYPE           GERBER_RS274X
    OUTPUT-UNITS          MM
    FILM-SIZE             10000000 8000000
    FORMAT                2.5
    ABORT-ON-ERROR        NO
    SCALE                 1
    SUPPRESS-LEAD-ZEROES  YES
    SUPPRESS-TRAIL-ZEROES NO
    SUPPRESS-EQUAL        YES
    UNDEF-APT-CONT        NO



================================================================
     PROCESSING FILM < TOP >
     TO FILE < D:/Work/GitHub/PhotonDetector/Module_Design/2-FPGA/PCB/TOP.art > ...
================================================================

  FILM PARAMETERS :
  ---------------------------------------------------------
  Undefined line width                0.1524
  Mirror code                         NONE
  Rotate angle                        NONE
  Offset x:                           0.0000
  Offset y:                           0.0000
  Plot negative                       NO
  Suppress unconnected internal pads  NO
  Draw holes only                     NO

    WARNING: Film contains objects with associated DRCs (360).
           In the design editor view this film and enable visibility for the
           associated DRC layer. Verify the DRCs are approved exceptions to your rules.


  APERTURES USED:
  ---------------------------------------------------------
  TYPE       SIZE/NAME                   ROT   MIRROR MODE 
  ---------------------------------------------------------
  CIRCLE     0.12700                                  DARK 
  CIRCLE     0.14680                                  DARK 
  CIRCLE     0.20000                                  DARK 
  CIRCLE     0.25400                                  DARK 
  CIRCLE     0.30000                                  DARK 
  CIRCLE     0.40000                                  DARK 
  CIRCLE     0.40640                                  DARK 
  CIRCLE     0.45720                                  DARK 
  CIRCLE     0.48260                                  DARK 
  CIRCLE     0.50000                                  DARK 
  CIRCLE     0.50800                                  DARK 
  CIRCLE     0.60000                                  DARK 
  CIRCLE     0.63500                                  DARK 
  CIRCLE     0.70000                                  DARK 
  CIRCLE     0.71120                                  DARK 
  CIRCLE     0.80000                                  DARK 
  CIRCLE     0.89990                                  DARK 
  CIRCLE     1.01600                                  DARK 
  CIRCLE     1.20000                                  DARK 
  CIRCLE     1.39950                                  DARK 
  CIRCLE     1.50000                                  DARK 
  CIRCLE     1.50010                                  DARK 
  CIRCLE     1.70000                                  DARK 
  CIRCLE     3.00000                                  DARK 
  CIRCLE     3.10000                                  DARK 
  SQUARE     1.39950                     0.000 NO     DARK 
  SQUARE     1.60020                     0.000 NO     DARK 
  RECTANGLE  0.30000     x 1.00000       0.000 NO     DARK 
  RECTANGLE  0.30000     x 1.00000      90.000 NO     DARK 
  RECTANGLE  0.40000     x 1.80010      90.000 NO     DARK 
  RECTANGLE  0.50000     x 0.80000       0.000 NO     DARK 
  RECTANGLE  0.50000     x 0.80000      90.000 NO     DARK 
  RECTANGLE  0.51000     x 1.27000      90.000 NO     DARK 
  RECTANGLE  0.59990     x 0.80010       0.000 NO     DARK 
  RECTANGLE  0.59990     x 0.80010      90.000 NO     DARK 
  RECTANGLE  0.60000     x 1.00000       0.000 NO     DARK 
  RECTANGLE  0.60000     x 1.00000      90.000 NO     DARK 
  RECTANGLE  0.60000     x 1.20000       0.000 NO     DARK 
  RECTANGLE  0.60000     x 1.20000      90.000 NO     DARK 
  RECTANGLE  0.65000     x 1.35000      90.000 NO     DARK 
  RECTANGLE  0.76000     x 1.40000       0.000 NO     DARK 
  RECTANGLE  0.80010     x 0.89990       0.000 NO     DARK 
  RECTANGLE  0.80010     x 0.89990      90.000 NO     DARK 
  RECTANGLE  1.00000     x 2.40000      90.000 NO     DARK 
  RECTANGLE  1.14000     x 1.20000       0.000 NO     DARK 
  RECTANGLE  1.14000     x 1.20000      90.000 NO     DARK 
  RECTANGLE  1.14050     x 1.27000       0.000 NO     DARK 
  RECTANGLE  1.14050     x 1.27000      90.000 NO     DARK 
  RECTANGLE  1.19990     x 1.40000       0.000 NO     DARK 
  RECTANGLE  1.19990     x 1.40000      90.000 NO     DARK 
  RECTANGLE  1.19990     x 1.80010       0.000 NO     DARK 
  RECTANGLE  1.19990     x 1.80010      90.000 NO     DARK 
  RECTANGLE  1.30000     x 0.30000      90.000 NO     DARK 
  RECTANGLE  1.40000     x 0.80000       0.000 NO     DARK 
  RECTANGLE  1.40000     x 0.80000      90.000 NO     DARK 
  RECTANGLE  1.40000     x 1.19990       0.000 NO     DARK 
  RECTANGLE  1.40000     x 1.19990      90.000 NO     DARK 
  RECTANGLE  1.50000     x 1.60000       0.000 NO     DARK 
  RECTANGLE  1.50000     x 2.50000       0.000 NO     DARK 
  RECTANGLE  1.50010     x 3.00000       0.000 NO     DARK 
  RECTANGLE  1.50010     x 3.00000      90.000 NO     DARK 
  RECTANGLE  1.80000     x 3.20000       0.000 NO     DARK 
  RECTANGLE  2.80010     x 1.40000      90.000 NO     DARK 
  RECTANGLE  3.00000     x 6.00000       0.000 NO     DARK 
  RECTANGLE  3.75010     x 2.40000      90.000 NO     DARK 
  RECTANGLE  4.19990     x 1.40000       0.000 NO     DARK 
  RECTANGLE  4.19990     x 1.40000      90.000 NO     DARK 
  RECTANGLE  4.40000     x 2.20000      90.000 NO     DARK 
  RECTANGLE  6.50010     x 6.00000      90.000 NO     DARK 
  OBLONG     0.50800     x 2.03200      90.000 NO     DARK 
  OBLONG     1.40000     x 0.49990      90.000 NO     DARK 
  OBLONG     1.80010     x 1.00000      90.000 NO     DARK 

     TOP created with warnings


================================================================
     PROCESSING FILM < BOTTOM >
     TO FILE < D:/Work/GitHub/PhotonDetector/Module_Design/2-FPGA/PCB/BOTTOM.art > ...
================================================================

  FILM PARAMETERS :
  ---------------------------------------------------------
  Undefined line width                0.1524
  Mirror code                         NONE
  Rotate angle                        NONE
  Offset x:                           0.0000
  Offset y:                           0.0000
  Plot negative                       NO
  Suppress unconnected internal pads  NO
  Draw holes only                     NO

    WARNING: Film contains objects with associated DRCs (145).
           In the design editor view this film and enable visibility for the
           associated DRC layer. Verify the DRCs are approved exceptions to your rules.


  APERTURES USED:
  ---------------------------------------------------------
  TYPE       SIZE/NAME                   ROT   MIRROR MODE 
  ---------------------------------------------------------
  CIRCLE     0.12700                                  DARK 
  CIRCLE     0.14680                                  DARK 
  CIRCLE     0.25400                                  DARK 
  CIRCLE     0.38000                                  DARK 
  CIRCLE     0.40640                                  DARK 
  CIRCLE     0.45720                                  DARK 
  CIRCLE     0.50800                                  DARK 
  CIRCLE     0.63500                                  DARK 
  CIRCLE     0.70000                                  DARK 
  CIRCLE     0.71120                                  DARK 
  CIRCLE     0.89990                                  DARK 
  CIRCLE     1.01600                                  DARK 
  CIRCLE     1.20000                                  DARK 
  CIRCLE     1.39950                                  DARK 
  CIRCLE     1.50000                                  DARK 
  CIRCLE     1.50010                                  DARK 
  CIRCLE     1.70000                                  DARK 
  CIRCLE     3.00000                                  DARK 
  CIRCLE     3.10000                                  DARK 
  SQUARE     1.39950                     0.000 NO     DARK 
  RECTANGLE  1.14050     x 1.27000       0.000 NO     DARK 
  RECTANGLE  1.14050     x 1.27000      90.000 NO     DARK 
  RECTANGLE  1.50010     x 3.00000       0.000 NO     DARK 
  RECTANGLE  1.50010     x 3.00000      90.000 NO     DARK 
  OBLONG     1.80010     x 1.00000      90.000 NO     DARK 

     BOTTOM created with warnings


================================================================
     PROCESSING FILM < silkscreen_top >
     TO FILE < D:/Work/GitHub/PhotonDetector/Module_Design/2-FPGA/PCB/silkscreen_top.art > ...
================================================================

  FILM PARAMETERS :
  ---------------------------------------------------------
  Undefined line width                0.1524
  Mirror code                         NONE
  Rotate angle                        NONE
  Offset x:                           0.0000
  Offset y:                           0.0000
  Plot negative                       NO
  Suppress unconnected internal pads  NO
  Draw holes only                     NO



  APERTURES USED:
  ---------------------------------------------------------
  TYPE       SIZE/NAME                   ROT   MIRROR MODE 
  ---------------------------------------------------------
  CIRCLE     0.02000                                  DARK 
  CIRCLE     0.05000                                  DARK 
  CIRCLE     0.06350                                  DARK 
  CIRCLE     0.07620                                  DARK 
  CIRCLE     0.10000                                  DARK 
  CIRCLE     0.10010                                  DARK 
  CIRCLE     0.12500                                  DARK 
  CIRCLE     0.12700                                  DARK 
  CIRCLE     0.15010                                  DARK 
  CIRCLE     0.15240                                  DARK 
  CIRCLE     0.19990                                  DARK 
  CIRCLE     0.20000                                  DARK 
  CIRCLE     0.30000                                  DARK 
  CIRCLE     0.50010                                  DARK 

     silkscreen_top created.


================================================================
     PROCESSING FILM < silkscreen_bottom >
     TO FILE < D:/Work/GitHub/PhotonDetector/Module_Design/2-FPGA/PCB/silkscreen_bottom.art > ...
================================================================

  FILM PARAMETERS :
  ---------------------------------------------------------
  Undefined line width                0.1524
  Mirror code                         NONE
  Rotate angle                        NONE
  Offset x:                           0.0000
  Offset y:                           0.0000
  Plot negative                       NO
  Suppress unconnected internal pads  NO
  Draw holes only                     NO



  APERTURES USED:
  ---------------------------------------------------------
  TYPE       SIZE/NAME                   ROT   MIRROR MODE 
  ---------------------------------------------------------
  CIRCLE     0.02000                                  DARK 
  CIRCLE     0.12500                                  DARK 
  CIRCLE     0.12700                                  DARK 
  CIRCLE     0.15240                                  DARK 
  CIRCLE     0.20000                                  DARK 

     silkscreen_bottom created.


================================================================
     PROCESSING FILM < pastemask_top >
     TO FILE < D:/Work/GitHub/PhotonDetector/Module_Design/2-FPGA/PCB/pastemask_top.art > ...
================================================================

  FILM PARAMETERS :
  ---------------------------------------------------------
  Undefined line width                0.1524
  Mirror code                         NONE
  Rotate angle                        NONE
  Offset x:                           0.0000
  Offset y:                           0.0000
  Plot negative                       NO
  Suppress unconnected internal pads  NO
  Draw holes only                     NO



  APERTURES USED:
  ---------------------------------------------------------
  TYPE       SIZE/NAME                   ROT   MIRROR MODE 
  ---------------------------------------------------------
  CIRCLE     0.48260                                  DARK 
  CIRCLE     0.63500                                  DARK 
  CIRCLE     1.01600                                  DARK 
  CIRCLE     1.20000                                  DARK 
  CIRCLE     1.50000                                  DARK 
  CIRCLE     1.50010                                  DARK 
  CIRCLE     1.70000                                  DARK 
  CIRCLE     3.00000                                  DARK 
  SQUARE     1.60020                     0.000 NO     DARK 
  RECTANGLE  0.30000     x 1.00000       0.000 NO     DARK 
  RECTANGLE  0.30000     x 1.00000      90.000 NO     DARK 
  RECTANGLE  0.40000     x 1.80010      90.000 NO     DARK 
  RECTANGLE  0.50000     x 0.80000       0.000 NO     DARK 
  RECTANGLE  0.50000     x 0.80000      90.000 NO     DARK 
  RECTANGLE  0.51000     x 1.27000      90.000 NO     DARK 
  RECTANGLE  0.59990     x 0.80010       0.000 NO     DARK 
  RECTANGLE  0.59990     x 0.80010      90.000 NO     DARK 
  RECTANGLE  0.60000     x 1.00000       0.000 NO     DARK 
  RECTANGLE  0.60000     x 1.00000      90.000 NO     DARK 
  RECTANGLE  0.60000     x 1.20000       0.000 NO     DARK 
  RECTANGLE  0.60000     x 1.20000      90.000 NO     DARK 
  RECTANGLE  0.65000     x 1.35000      90.000 NO     DARK 
  RECTANGLE  0.76000     x 1.40000       0.000 NO     DARK 
  RECTANGLE  0.80010     x 0.89990       0.000 NO     DARK 
  RECTANGLE  0.80010     x 0.89990      90.000 NO     DARK 
  RECTANGLE  1.00000     x 2.40000      90.000 NO     DARK 
  RECTANGLE  1.14000     x 1.20000       0.000 NO     DARK 
  RECTANGLE  1.14000     x 1.20000      90.000 NO     DARK 
  RECTANGLE  1.14050     x 1.27000       0.000 NO     DARK 
  RECTANGLE  1.14050     x 1.27000      90.000 NO     DARK 
  RECTANGLE  1.19990     x 1.40000       0.000 NO     DARK 
  RECTANGLE  1.19990     x 1.40000      90.000 NO     DARK 
  RECTANGLE  1.19990     x 1.80010       0.000 NO     DARK 
  RECTANGLE  1.19990     x 1.80010      90.000 NO     DARK 
  RECTANGLE  1.30000     x 0.30000      90.000 NO     DARK 
  RECTANGLE  1.40000     x 0.80000       0.000 NO     DARK 
  RECTANGLE  1.40000     x 0.80000      90.000 NO     DARK 
  RECTANGLE  1.40000     x 1.19990       0.000 NO     DARK 
  RECTANGLE  1.40000     x 1.19990      90.000 NO     DARK 
  RECTANGLE  1.50000     x 1.60000       0.000 NO     DARK 
  RECTANGLE  1.50000     x 2.50000       0.000 NO     DARK 
  RECTANGLE  1.50010     x 3.00000       0.000 NO     DARK 
  RECTANGLE  1.50010     x 3.00000      90.000 NO     DARK 
  RECTANGLE  1.80000     x 3.20000       0.000 NO     DARK 
  RECTANGLE  2.80010     x 1.40000      90.000 NO     DARK 
  RECTANGLE  3.00000     x 6.00000       0.000 NO     DARK 
  RECTANGLE  3.75010     x 2.40000      90.000 NO     DARK 
  RECTANGLE  4.19990     x 1.40000       0.000 NO     DARK 
  RECTANGLE  4.19990     x 1.40000      90.000 NO     DARK 
  RECTANGLE  4.40000     x 2.20000      90.000 NO     DARK 
  RECTANGLE  6.50010     x 6.00000      90.000 NO     DARK 
  OBLONG     0.50800     x 2.03200      90.000 NO     DARK 
  OBLONG     1.40000     x 0.49990      90.000 NO     DARK 

     pastemask_top created.


================================================================
     PROCESSING FILM < pastemask_bottom >
     TO FILE < D:/Work/GitHub/PhotonDetector/Module_Design/2-FPGA/PCB/pastemask_bottom.art > ...
================================================================

  FILM PARAMETERS :
  ---------------------------------------------------------
  Undefined line width                0.1524
  Mirror code                         NONE
  Rotate angle                        NONE
  Offset x:                           0.0000
  Offset y:                           0.0000
  Plot negative                       NO
  Suppress unconnected internal pads  NO
  Draw holes only                     NO



  APERTURES USED:
  ---------------------------------------------------------
  TYPE       SIZE/NAME                   ROT   MIRROR MODE 
  ---------------------------------------------------------
  CIRCLE     0.63500                                  DARK 
  CIRCLE     1.20000                                  DARK 
  CIRCLE     1.50000                                  DARK 
  CIRCLE     1.70000                                  DARK 
  RECTANGLE  1.14050     x 1.27000       0.000 NO     DARK 
  RECTANGLE  1.14050     x 1.27000      90.000 NO     DARK 
  RECTANGLE  1.50010     x 3.00000       0.000 NO     DARK 
  RECTANGLE  1.50010     x 3.00000      90.000 NO     DARK 

     pastemask_bottom created.


================================================================
     PROCESSING FILM < soldermask_top >
     TO FILE < D:/Work/GitHub/PhotonDetector/Module_Design/2-FPGA/PCB/soldermask_top.art > ...
================================================================

  FILM PARAMETERS :
  ---------------------------------------------------------
  Undefined line width                0.1524
  Mirror code                         NONE
  Rotate angle                        NONE
  Offset x:                           0.0000
  Offset y:                           0.0000
  Plot negative                       NO
  Suppress unconnected internal pads  NO
  Draw holes only                     NO



  APERTURES USED:
  ---------------------------------------------------------
  TYPE       SIZE/NAME                   ROT   MIRROR MODE 
  ---------------------------------------------------------
  CIRCLE     0.48260                                  DARK 
  CIRCLE     0.76200                                  DARK 
  CIRCLE     0.80000                                  DARK 
  CIRCLE     1.10010                                  DARK 
  CIRCLE     1.11760                                  DARK 
  CIRCLE     1.30000                                  DARK 
  CIRCLE     1.59990                                  DARK 
  CIRCLE     1.60000                                  DARK 
  CIRCLE     1.65100                                  DARK 
  CIRCLE     1.80000                                  DARK 
  CIRCLE     3.20000                                  DARK 
  SQUARE     1.65100                     0.000 NO     DARK 
  SQUARE     1.75260                     0.000 NO     DARK 
  RECTANGLE  0.40000     x 1.10000       0.000 NO     DARK 
  RECTANGLE  0.40000     x 1.10000      90.000 NO     DARK 
  RECTANGLE  0.50010     x 1.89990      90.000 NO     DARK 
  RECTANGLE  0.60000     x 0.90000       0.000 NO     DARK 
  RECTANGLE  0.60000     x 0.90000      90.000 NO     DARK 
  RECTANGLE  0.61000     x 1.37000      90.000 NO     DARK 
  RECTANGLE  0.70000     x 0.89990       0.000 NO     DARK 
  RECTANGLE  0.70000     x 0.89990      90.000 NO     DARK 
  RECTANGLE  0.70000     x 1.10000       0.000 NO     DARK 
  RECTANGLE  0.70000     x 1.10000      90.000 NO     DARK 
  RECTANGLE  0.70000     x 1.30000       0.000 NO     DARK 
  RECTANGLE  0.70000     x 1.30000      90.000 NO     DARK 
  RECTANGLE  0.75010     x 1.45010      90.000 NO     DARK 
  RECTANGLE  0.86000     x 1.50000       0.000 NO     DARK 
  RECTANGLE  0.89990     x 1.00000       0.000 NO     DARK 
  RECTANGLE  0.89990     x 1.00000      90.000 NO     DARK 
  RECTANGLE  1.10010     x 2.50010      90.000 NO     DARK 
  RECTANGLE  1.24000     x 1.30000       0.000 NO     DARK 
  RECTANGLE  1.24000     x 1.30000      90.000 NO     DARK 
  RECTANGLE  1.30000     x 1.50010       0.000 NO     DARK 
  RECTANGLE  1.30000     x 1.50010      90.000 NO     DARK 
  RECTANGLE  1.30000     x 1.89990       0.000 NO     DARK 
  RECTANGLE  1.30000     x 1.89990      90.000 NO     DARK 
  RECTANGLE  1.39950     x 1.51890       0.000 NO     DARK 
  RECTANGLE  1.39950     x 1.51890      90.000 NO     DARK 
  RECTANGLE  1.40000     x 0.40000      90.000 NO     DARK 
  RECTANGLE  1.50000     x 0.90000       0.000 NO     DARK 
  RECTANGLE  1.50000     x 0.90000      90.000 NO     DARK 
  RECTANGLE  1.50010     x 1.30000       0.000 NO     DARK 
  RECTANGLE  1.50010     x 1.30000      90.000 NO     DARK 
  RECTANGLE  1.59990     x 3.10010       0.000 NO     DARK 
  RECTANGLE  1.59990     x 3.10010      90.000 NO     DARK 
  RECTANGLE  1.60000     x 1.70000       0.000 NO     DARK 
  RECTANGLE  1.60000     x 2.60000       0.000 NO     DARK 
  RECTANGLE  1.90000     x 3.30000       0.000 NO     DARK 
  RECTANGLE  2.89990     x 1.50010      90.000 NO     DARK 
  RECTANGLE  3.10010     x 6.10010       0.000 NO     DARK 
  RECTANGLE  3.84990     x 2.50010      90.000 NO     DARK 
  RECTANGLE  4.30000     x 1.50010       0.000 NO     DARK 
  RECTANGLE  4.30000     x 1.50010      90.000 NO     DARK 
  RECTANGLE  4.50000     x 2.30000      90.000 NO     DARK 
  RECTANGLE  6.59990     x 6.10010      90.000 NO     DARK 
  OBLONG     0.63500     x 2.15900      90.000 NO     DARK 
  OBLONG     1.50010     x 0.59990      90.000 NO     DARK 
  OBLONG     1.89990     x 1.10010      90.000 NO     DARK 

     soldermask_top created.


================================================================
     PROCESSING FILM < soldermask_bottom >
     TO FILE < D:/Work/GitHub/PhotonDetector/Module_Design/2-FPGA/PCB/soldermask_bottom.art > ...
================================================================

  FILM PARAMETERS :
  ---------------------------------------------------------
  Undefined line width                0.1524
  Mirror code                         NONE
  Rotate angle                        NONE
  Offset x:                           0.0000
  Offset y:                           0.0000
  Plot negative                       NO
  Suppress unconnected internal pads  NO
  Draw holes only                     NO



  APERTURES USED:
  ---------------------------------------------------------
  TYPE       SIZE/NAME                   ROT   MIRROR MODE 
  ---------------------------------------------------------
  CIRCLE     0.76200                                  DARK 
  CIRCLE     1.10010                                  DARK 
  CIRCLE     1.11760                                  DARK 
  CIRCLE     1.30000                                  DARK 
  CIRCLE     1.60000                                  DARK 
  CIRCLE     1.65100                                  DARK 
  CIRCLE     1.80000                                  DARK 
  SQUARE     1.65100                     0.000 NO     DARK 
  RECTANGLE  1.39950     x 1.51890       0.000 NO     DARK 
  RECTANGLE  1.39950     x 1.51890      90.000 NO     DARK 
  RECTANGLE  1.59990     x 3.10010       0.000 NO     DARK 
  RECTANGLE  1.59990     x 3.10010      90.000 NO     DARK 
  OBLONG     1.89990     x 1.10010      90.000 NO     DARK 

     soldermask_bottom created.


================================================================
     PROCESSING FILM < L2_GND >
     TO FILE < D:/Work/GitHub/PhotonDetector/Module_Design/2-FPGA/PCB/L2_GND.art > ...
================================================================

  FILM PARAMETERS :
  ---------------------------------------------------------
  Undefined line width                0.1524
  Mirror code                         NONE
  Rotate angle                        NONE
  Offset x:                           0.0000
  Offset y:                           0.0000
  Plot negative                       NO
  Suppress unconnected internal pads  NO
  Draw holes only                     NO

    WARNING: Film contains objects with associated DRCs (1).
           In the design editor view this film and enable visibility for the
           associated DRC layer. Verify the DRCs are approved exceptions to your rules.


  APERTURES USED:
  ---------------------------------------------------------
  TYPE       SIZE/NAME                   ROT   MIRROR MODE 
  ---------------------------------------------------------
  CIRCLE     0.12700                                  DARK 
  CIRCLE     0.25400                                  DARK 
  CIRCLE     0.45720                                  DARK 
  CIRCLE     0.50800                                  DARK 
  CIRCLE     0.70000                                  DARK 
  CIRCLE     0.71120                                  DARK 
  CIRCLE     0.89990                                  DARK 
  CIRCLE     1.20000                                  DARK 
  CIRCLE     1.39950                                  DARK 
  CIRCLE     1.50000                                  DARK 
  CIRCLE     1.50010                                  DARK 
  CIRCLE     1.70000                                  DARK 
  CIRCLE     3.00000                                  DARK 
  CIRCLE     3.10000                                  DARK 
  RECTANGLE  1.50010     x 3.00000       0.000 NO     DARK 
  RECTANGLE  1.50010     x 3.00000      90.000 NO     DARK 
  OBLONG     1.80010     x 1.00000      90.000 NO     DARK 

     L2_GND created with warnings


================================================================
     PROCESSING FILM < L3_P >
     TO FILE < D:/Work/GitHub/PhotonDetector/Module_Design/2-FPGA/PCB/L3_P.art > ...
================================================================

  FILM PARAMETERS :
  ---------------------------------------------------------
  Undefined line width                0.1524
  Mirror code                         NONE
  Rotate angle                        NONE
  Offset x:                           0.0000
  Offset y:                           0.0000
  Plot negative                       NO
  Suppress unconnected internal pads  NO
  Draw holes only                     NO

    WARNING: Film contains objects with associated DRCs (1).
           In the design editor view this film and enable visibility for the
           associated DRC layer. Verify the DRCs are approved exceptions to your rules.


  APERTURES USED:
  ---------------------------------------------------------
  TYPE       SIZE/NAME                   ROT   MIRROR MODE 
  ---------------------------------------------------------
  CIRCLE     0.25400                                  DARK 
  CIRCLE     0.45720                                  DARK 
  CIRCLE     0.50800                                  DARK 
  CIRCLE     0.70000                                  DARK 
  CIRCLE     0.71120                                  DARK 
  CIRCLE     0.89990                                  DARK 
  CIRCLE     1.20000                                  DARK 
  CIRCLE     1.39950                                  DARK 
  CIRCLE     1.50000                                  DARK 
  CIRCLE     1.50010                                  DARK 
  CIRCLE     1.70000                                  DARK 
  CIRCLE     3.00000                                  DARK 
  CIRCLE     3.10000                                  DARK 
  RECTANGLE  1.50010     x 3.00000       0.000 NO     DARK 
  RECTANGLE  1.50010     x 3.00000      90.000 NO     DARK 
  OBLONG     1.80010     x 1.00000      90.000 NO     DARK 

     L3_P created with warnings


================================================================
     PROCESSING FILM < outline >
     TO FILE < D:/Work/GitHub/PhotonDetector/Module_Design/2-FPGA/PCB/outline.art > ...
================================================================

  FILM PARAMETERS :
  ---------------------------------------------------------
  Undefined line width                0.1524
  Mirror code                         NONE
  Rotate angle                        NONE
  Offset x:                           0.0000
  Offset y:                           0.0000
  Plot negative                       NO
  Suppress unconnected internal pads  NO
  Draw holes only                     NO



  APERTURES USED:
  ---------------------------------------------------------
  TYPE       SIZE/NAME                   ROT   MIRROR MODE 
  ---------------------------------------------------------
  CIRCLE     0.15240                                  DARK 

     outline created.


================================================================
     PROCESSING FILM < DRILL_LEGEND >
     TO FILE < D:/Work/GitHub/PhotonDetector/Module_Design/2-FPGA/PCB/DRILL_LEGEND.art > ...
================================================================

  FILM PARAMETERS :
  ---------------------------------------------------------
  Undefined line width                0.1524
  Mirror code                         NONE
  Rotate angle                        NONE
  Offset x:                           0.0000
  Offset y:                           0.0000
  Plot negative                       NO
  Suppress unconnected internal pads  NO
  Draw holes only                     NO

    WARNING: 0 width line found at (-561.0000 -334.0001)
           ... using undefined line width of 0.1524

    WARNING: Multiple 0 width lines; all will be treated the same as the first.
           ... using undefined line width of 0.1524

    WARNING: text composed 0 width line found at (-393.4827 -260.2125)
           ... using undefined line width of 0.1524

    WARNING: text having Multiple 0 width lines; all will be treated the same as the first.
           ... using undefined line width of 0.1524



  APERTURES USED:
  ---------------------------------------------------------
  TYPE       SIZE/NAME                   ROT   MIRROR MODE 
  ---------------------------------------------------------
  CIRCLE     0.10160                                  DARK 
  CIRCLE     0.15240                                  DARK 
  CIRCLE     0.20320                                  DARK 

     DRILL_LEGEND created with warnings


------------------------------------------------------
 SUMMARY:
        TOP created with warnings
        BOTTOM created with warnings
        silkscreen_top created.
        silkscreen_bottom created.
        pastemask_top created.
        pastemask_bottom created.
        soldermask_top created.
        soldermask_bottom created.
        L2_GND created with warnings
        L3_P created with warnings
        outline created.
        DRILL_LEGEND created with warnings

 ARTWORK had warnings
