(---------------------------------------------------------------------)
(                                                                     )
(    QUICKPLACE LOG                                                   )
(                                                                     )
(    Drawing          : XS6-2.brd                                     )
(    Software Version : 17.4S017                                      )
(    Date/Time        : Fri Jun 16 14:00:43 2023                      )
(                                                                     )
(---------------------------------------------------------------------)


State: Placing on layer TOP

         Placed symbol:  U69 / TXS0108EPW_TSSOP-20-L6D5-W4D4-PD0D65-CD6D5-MM_TXS0108EPW / TSSOP-20-L6D5-W4D4-PD0D65-CD6D5-MM at (58.2332 22.4542)
         Placed symbol:  U910 / OPA357AIDBVR_SOT-23-6-L2D9-W1D6-PD0D95-CD2D8-MM_OPA357AIDBVR / SOT-23-6-L2D9-W1D6-PD0D95-CD2D8-MM at (66.7464 18.4842)
         Placed symbol:  U92 / TLV3501AIDBVR_SOT-23-6-L2D9-W1D6-PD0D95-CD2D8-MM_TLV3501AIDBVR / SOT-23-6-L2D9-W1D6-PD0D95-CD2D8-MM at (71.5496 18.4842)
         Placed symbol:  Q83 / FH3400C_SOT-23-3-L2D9-W1D3-P1D9-MM_FH3400C / SOT-23-3-L2D9-W1D3-P1D9-MM at (78.9528 18.5742)
         Placed symbol:  Q89 / BSP316P_0_SOT-23-3-L2D9-W1D3-P1D9-MM_AO3401A / SOT-23-3-L2D9-W1D3-P1D9-MM at (83.6560 18.5742)
         Placed symbol:  U98 / TL431/TI_SOT-23-3-TL431_TL431 / SOT-23-3-TL431 at (85.1352 16.1932)
         Placed symbol:  Q45 / FH3400C_SOT-23-3-L2D9-W1D3-P1D9-MM_FH3400C / SOT-23-3-L2D9-W1D3-P1D9-MM at (-68.2796 74.4032)
         Placed symbol:  D611 / DIODE ZENER_SOD-123-L2D8-W1D8-P3D5-MM_MMSZ12T1G / SOD-123-L2D8-W1D8-P3D5-MM at (-65.4000 72.7632)
         Placed symbol:  D92 / DIODE SCHOTTKY_SOD323-L1D8-W1D3-P2D4-MM_PTVSLC3D3V3B / SOD323-L1D8-W1D3-P2D4-MM at (-59.7368 72.4032)
         Placed symbol:  D94 / DIODE_SAPD-THR-2P_SAPD / SAPD-THR-2P at (-52.4248 75.5320)
         Placed symbol:  C945 / CAP NP_C0603_0.1UF/16V / C0603 at (-47.6928 72.4032)
         Placed symbol:  C946 / CAP NP_C0603_0.1UF/16V / C0603 at (-44.4896 72.4032)
         Placed symbol:  R326 / R_R0603_1K / R0603 at (-41.2864 72.4032)
         Placed symbol:  C944 / CAP NP_C0603_0.1UF/16V / C0603 at (-38.0832 72.4032)
         Placed symbol:  R843 / R_R0603_1K / R0603 at (-34.8800 72.4032)
         Placed symbol:  R963 / R_R0603_1K / R0603 at (-31.6768 72.4032)
         Placed symbol:  R528 / R_R0603_100 / R0603 at (-28.4736 72.4032)
         Placed symbol:  C941 / CAP NP_C0603_10UF/16V / C0603 at (-25.2704 72.4032)
         Placed symbol:  R822 / R_R0603_1K / R0603 at (-22.0672 72.4032)
         Placed symbol:  R910 / R_R0603_682 / R0603 at (-18.8640 72.4032)
         Placed symbol:  R911 / R_R0805_332K / R0805 at (-15.5108 72.5532)
         Placed symbol:  R941 / R_R0805_100K / R0805 at (-11.5576 72.5532)
         Placed symbol:  R956 / R_R0603_100K / R0603 at (-7.7544 72.4032)
         Placed symbol:  R967 / R_R0603_100K / R0603 at (-4.5512 72.4032)
         Placed symbol:  C943 / CAP NP_C0603_0.1UF/16V / C0603 at (-1.3480 72.4032)
         Placed symbol:  R970 / R_R0603_100K / R0603 at (1.8552 72.4032)
         Placed symbol:  R957 / R_R0603_4.99K / R0603 at (5.0584 72.4032)
         Placed symbol:  R965 / R_R0603_4.99K / R0603 at (8.2616 72.4032)
         Placed symbol:  R966 / R_R0603_4.99K / R0603 at (11.4648 72.4032)
         Placed symbol:  R968 / R_R0603_4.99K / R0603 at (14.6680 72.4032)
         Placed symbol:  R960 / R_R0603_499 / R0603 at (17.8712 72.4032)
         Placed symbol:  R971 / R_R0805_0 / R0805 at (21.2244 72.5532)
         Placed symbol:  R818 / R_R0603_1M / R0603 at (25.0276 72.4032)
         Placed symbol:  R842 / R_R0603_100 / R0603 at (28.2308 72.4032)
         Placed symbol:  C942 / CAP NP_C0603_0.1UF/16V / C0603 at (31.4340 72.4032)
         Placed symbol:  R969 / R_R0603_100K / R0603 at (34.6372 72.4032)
         Placed symbol:  R812 / R_R0603_0 / R0603 at (37.8404 72.4032)
         Placed symbol:  R172 / R_R0603_0 / R0603 at (41.0436 72.4032)
         Placed symbol:  R264 / R_R0603_0 / R0603 at (44.2468 72.4032)
         Placed symbol:  D812 / DIODE_SOD-523-L1D2-W0D8-P1D6-MM_BAS521-7 / SOD-523-L1D2-W0D8-P1D6-MM at (47.4640 72.2292)
         Placed symbol:  R962 / R_R0603_10K / R0603 at (50.7002 72.4032)
         Placed symbol:  R961 / R_R0603_0 / R0603 at (53.9034 72.4032)
         Placed symbol:  R916 / R_R0603_10K / R0603 at (57.1066 72.4032)
         Placed symbol:  TP25 / T POINT F_STAMP_HOLE_1D5X3D0_1D4_RESET / STAMP_HOLE_1D5X3D0_1D4 at (60.6098 73.5033)
         Placed symbol:  TP16 / T POINT F_STAMP_HOLE_1D5X3D0_1D4_QUENCH / STAMP_HOLE_1D5X3D0_1D4 at (62.8130 73.5033)
         Placed symbol:  TP38 / T POINT F_STAMP_HOLE_1D5X3D0_1D4_PULSE / STAMP_HOLE_1D5X3D0_1D4 at (65.0162 73.5033)
         Placed symbol:  TP36 / T POINT F_STAMP_HOLE_1D5X3D0_1D4_T POINT F / STAMP_HOLE_1D5X3D0_1D4 at (67.2194 73.5033)
         Placed symbol:  TP37 / T POINT F_STAMP_HOLE_1D5X3D0_1D4_T POINT F / STAMP_HOLE_1D5X3D0_1D4 at (69.4226 73.5033)


Placed 48 of 48 applicable (48 total) symbols.

-----------------------------------------------------------------------

State: Placing on layer TOP



Placed 0 of 0 applicable (0 total) symbols.

-----------------------------------------------------------------------

State: Placing on layer TOP



Placed 0 of 0 applicable (0 total) symbols.

-----------------------------------------------------------------------

State: Placing on layer TOP



Placed 0 of 0 applicable (0 total) symbols.

-----------------------------------------------------------------------

State: Placing on layer TOP



Placed 0 of 0 applicable (0 total) symbols.

-----------------------------------------------------------------------

