Tue Jun 20 10:32:27 2023				Page     1


 
Update Symbols/Modules Logfile
	Tue Jun 20 10:32:27 2023

------ Module Refresh Messages ------

SUMMARY:    Updated 0 out of 0 modules

------ End Module Messages     ------



(---------------------------------------------------------------------)
(                                                                     )
(    Refresh Symbol                                                   )
(                                                                     )
(    Drawing          : XS6-5.brd                                     )
(    Software Version : 17.4S017                                      )
(    Date/Time        : Tue Jun 20 10:32:28 2023                      )
(                                                                     )
(---------------------------------------------------------------------)


Tue Jun 20 10:32:28 2023				Page     1


------ Symbol Refresh Directives ------

Input design  = 'D:/Work/GitHub/PhotonDetector/Module_Design/2-FPGA/PCB/XS6-5.brd'
Output design = ''

Update mechanical symbols              = 'NO'
Update format symbols                  = 'NO'
Update package symbols                 = 'NO'
Update shape/flash symbols             = 'NO'
Update symbol padstacks                = 'YES'
Preserve padstacks replaced on pins    = 'NO'
Reset symbol text and size locations   = 'NO'
Reset Pin Escapes (fanouts)            = 'NO'
Ripup Etch                             = 'NO'
Reset custom drill data                = 'NO'
Symbol list file                       = 'C:/Users/ADMINI~1/AppData/Local/Temp/#Taaaasu02696.tmp'


------ Library Paths ------
PSMPATH =  . 
           symbols 
           .. 
           ../symbols 
           C:/Cadence/Cadence_SPB_17.4-2019/share/local/pcb/symbols 
           C:/Cadence/Cadence_SPB_17.4-2019/share/pcb/pcb_lib/symbols 
           C:/Cadence/Cadence_SPB_17.4-2019/share/pcb/allegrolib/symbols 
           D:/Privacy/FootprintLib/psm 
           D:/Privacy/FootprintLib/mechanical 
           D:/Privacy/FootprintLib/pad 
           D:/Work/GitHub/AllegroPCB/psm 

PADPATH =  . 
           symbols 
           .. 
           ../symbols 
           C:/Cadence/Cadence_SPB_17.4-2019/share/local/pcb/padstacks 
           C:/Cadence/Cadence_SPB_17.4-2019/share/pcb/pcb_lib/symbols 
           C:/Cadence/Cadence_SPB_17.4-2019/share/pcb/allegrolib/symbols 
           D:/Privacy/FootprintLib/pad 
           D:/Privacy/FootprintLib/via 
           D:/Privacy/FootprintLib/mechanical 
           D:/Work/GitHub/AllegroPCB/pad 


------ Symbol Refresh Messages ------

'SOD-323'  symbol refreshed successfully.


------ Pad Stack Refresh Messages ------

'SMD_REC_0D3_0D8'  pad stack refreshed successfully.


----- Symbol Update Summary ----

Updated symbols: 1 out 1
    Design updated.

