Copyright 1986-2022 Xilinx, Inc. All Rights Reserved. Copyright 2022-2023 Advanced Micro Devices, Inc. All Rights Reserved.
-----------------------------------------------------------------------------------------------------------------------------------------------------------------------------------------------
| Tool Version : Vivado v.2023.1 (win64) Build 3865809 Sun May  7 15:05:29 MDT 2023
| Date         : Thu Oct 19 11:04:44 2023
| Host         : DESKTOP-R1EC6M9 running 64-bit major release  (build 9200)
| Command      : report_methodology -file ZSinglePhotonDector_methodology_drc_routed.rpt -pb ZSinglePhotonDector_methodology_drc_routed.pb -rpx ZSinglePhotonDector_methodology_drc_routed.rpx
| Design       : ZSinglePhotonDector
| Device       : xc7s25ftgb196-1IL
| Speed File   : -1IL
| Design State : Fully Routed
-----------------------------------------------------------------------------------------------------------------------------------------------------------------------------------------------

Report Methodology

Table of Contents
-----------------
1. REPORT SUMMARY
2. REPORT DETAILS

1. REPORT SUMMARY
-----------------
            Netlist: netlist
          Floorplan: design_1
      Design limits: <entire design considered>
             Max violations: <unlimited>
             Violations found: 2
+--------+----------+--------------------------------------------------------+------------+
| Rule   | Severity | Description                                            | Violations |
+--------+----------+--------------------------------------------------------+------------+
| XDCC-1 | Warning  | Scoped Clock constraint overwritten with the same name | 1          |
| XDCC-7 | Warning  | Scoped Clock constraint overwritten on the same source | 1          |
+--------+----------+--------------------------------------------------------+------------+

2. REPORT DETAILS
-----------------
XDCC-1#1 Warning
Scoped Clock constraint overwritten with the same name  
A new clock constraint create_clock overrides a previous scoped clock constraint with the same name. It is not recommended to override a scoped (typically an IP) clock constraint and could result in unexpected behaviors.
New: create_clock -period 10.000 -name iClk -waveform {0.000 5.000} [get_ports iClk] (Source: F:/MyTemporary/Github/PhotonDetector/Processing_Board/firmware/SinglePhotonDetector/Verilog/ZPhysical_IO_Constraint.xdc (Line: 192))
Previous: create_clock -period 10.000 [get_ports iClk] (Source: f:/MyTemporary/Github/PhotonDetector/Processing_Board/firmware/SinglePhotonDetector/SinglePhotonDetector.gen/sources_1/ip/clk_wiz_0/clk_wiz_0.xdc (Line: 56))
Related violations: <none>

XDCC-7#1 Warning
Scoped Clock constraint overwritten on the same source  
A new clock constraint create_clock overrides a previous scoped clock constraint defined on the same source. It is not recommended to override a scoped (typically an IP) clock constraint and could result in unexpected behaviors.
New: create_clock -period 10.000 -name iClk -waveform {0.000 5.000} [get_ports iClk] (Source: F:/MyTemporary/Github/PhotonDetector/Processing_Board/firmware/SinglePhotonDetector/Verilog/ZPhysical_IO_Constraint.xdc (Line: 192))
Previous: create_clock -period 10.000 [get_ports iClk] (Source: f:/MyTemporary/Github/PhotonDetector/Processing_Board/firmware/SinglePhotonDetector/SinglePhotonDetector.gen/sources_1/ip/clk_wiz_0/clk_wiz_0.xdc (Line: 56))
Related violations: <none>


