{ Using PSTWRITER 22.1.0 d001Oct-08-2023 at 14:20:41 }

#1 WARNING(ORCAP-36042): Pin "VSS" is renamed to "VSS#A6" as visible power pin of same name already exists in Package FEMDRW008G-88A39 , U1: SCHEMATIC1, ARM (525.78, 5.08).
#2 WARNING(ORCAP-36042): Pin "Vssq" is renamed to "VSSQ#C4" as visible power pin of same name already exists in Package FEMDRW008G-88A39 , U1: SCHEMATIC1, ARM (525.78, 5.08).
#3 WARNING(ORCAP-36042): Pin "Vccq" is renamed to "VCCQ#C6" as visible power pin of same name already exists in Package FEMDRW008G-88A39 , U1: SCHEMATIC1, ARM (525.78, 5.08).
#4 WARNING(ORCAP-36042): Pin "Vcc" is renamed to "VCC#E6" as visible power pin of same name already exists in Package FEMDRW008G-88A39 , U1: SCHEMATIC1, ARM (525.78, 5.08).
#5 WARNING(ORCAP-36042): Pin "Vss" is renamed to "VSS#E7" as visible power pin of same name already exists in Package FEMDRW008G-88A39 , U1: SCHEMATIC1, ARM (525.78, 5.08).
#6 WARNING(ORCAP-36042): Pin "Vcc" is renamed to "VCC#F5" as visible power pin of same name already exists in Package FEMDRW008G-88A39 , U1: SCHEMATIC1, ARM (525.78, 5.08).
#7 WARNING(ORCAP-36042): Pin "Vss" is renamed to "VSS#G5" as visible power pin of same name already exists in Package FEMDRW008G-88A39 , U1: SCHEMATIC1, ARM (525.78, 5.08).
#8 WARNING(ORCAP-36042): Pin "Vss" is renamed to "VSS#H10" as visible power pin of same name already exists in Package FEMDRW008G-88A39 , U1: SCHEMATIC1, ARM (525.78, 5.08).
#9 WARNING(ORCAP-36042): Pin "VSS" is renamed to "VSS#J5" as visible power pin of same name already exists in Package FEMDRW008G-88A39 , U1: SCHEMATIC1, ARM (525.78, 5.08).
#10 WARNING(ORCAP-36042): Pin "Vcc" is renamed to "VCC#J10" as visible power pin of same name already exists in Package FEMDRW008G-88A39 , U1: SCHEMATIC1, ARM (525.78, 5.08).
#11 WARNING(ORCAP-36042): Pin "Vss" is renamed to "VSS#K8" as visible power pin of same name already exists in Package FEMDRW008G-88A39 , U1: SCHEMATIC1, ARM (525.78, 5.08).
#12 WARNING(ORCAP-36042): Pin "Vcc" is renamed to "VCC#K9" as visible power pin of same name already exists in Package FEMDRW008G-88A39 , U1: SCHEMATIC1, ARM (525.78, 5.08).
#13 WARNING(ORCAP-36042): Pin "Vccq" is renamed to "VCCQ#M4" as visible power pin of same name already exists in Package FEMDRW008G-88A39 , U1: SCHEMATIC1, ARM (525.78, 5.08).
#14 WARNING(ORCAP-36042): Pin "Vssq" is renamed to "VSSQ#N2" as visible power pin of same name already exists in Package FEMDRW008G-88A39 , U1: SCHEMATIC1, ARM (525.78, 5.08).
#15 WARNING(ORCAP-36042): Pin "Vccq" is renamed to "VCCQ#N4" as visible power pin of same name already exists in Package FEMDRW008G-88A39 , U1: SCHEMATIC1, ARM (525.78, 5.08).
#16 WARNING(ORCAP-36042): Pin "Vssq" is renamed to "VSSQ#N5" as visible power pin of same name already exists in Package FEMDRW008G-88A39 , U1: SCHEMATIC1, ARM (525.78, 5.08).
#17 WARNING(ORCAP-36042): Pin "Vccq" is renamed to "VCCQ#P3" as visible power pin of same name already exists in Package FEMDRW008G-88A39 , U1: SCHEMATIC1, ARM (525.78, 5.08).
#18 WARNING(ORCAP-36042): Pin "Vssq" is renamed to "VSSQ#P4" as visible power pin of same name already exists in Package FEMDRW008G-88A39 , U1: SCHEMATIC1, ARM (525.78, 5.08).
#19 WARNING(ORCAP-36042): Pin "Vccq" is renamed to "VCCQ#P5" as visible power pin of same name already exists in Package FEMDRW008G-88A39 , U1: SCHEMATIC1, ARM (525.78, 5.08).
#20 WARNING(ORCAP-36042): Pin "Vssq" is renamed to "VSSQ#P6" as visible power pin of same name already exists in Package FEMDRW008G-88A39 , U1: SCHEMATIC1, ARM (525.78, 5.08).
#21 WARNING(ORCAP-36042): Pin "LL" is renamed to "LL#6" as visible power pin of same name already exists in Package TPS53319DQPT , U12: SCHEMATIC1, FPGA (53.34, 162.56).
#22 WARNING(ORCAP-36042): Pin "LL" is renamed to "LL#7" as visible power pin of same name already exists in Package TPS53319DQPT , U12: SCHEMATIC1, FPGA (53.34, 162.56).
#23 WARNING(ORCAP-36042): Pin "LL" is renamed to "LL#8" as visible power pin of same name already exists in Package TPS53319DQPT , U12: SCHEMATIC1, FPGA (53.34, 162.56).
#24 WARNING(ORCAP-36042): Pin "LL" is renamed to "LL#9" as visible power pin of same name already exists in Package TPS53319DQPT , U12: SCHEMATIC1, FPGA (53.34, 162.56).
#25 WARNING(ORCAP-36042): Pin "LL" is renamed to "LL#10" as visible power pin of same name already exists in Package TPS53319DQPT , U12: SCHEMATIC1, FPGA (53.34, 162.56).
#26 WARNING(ORCAP-36042): Pin "LL" is renamed to "LL#11" as visible power pin of same name already exists in Package TPS53319DQPT , U12: SCHEMATIC1, FPGA (53.34, 162.56).
#27 WARNING(ORCAP-36042): Pin "VIN" is renamed to "VIN#12" as visible power pin of same name already exists in Package TPS53319DQPT , U12: SCHEMATIC1, FPGA (53.34, 162.56).
#28 WARNING(ORCAP-36042): Pin "VIN" is renamed to "VIN#13" as visible power pin of same name already exists in Package TPS53319DQPT , U12: SCHEMATIC1, FPGA (53.34, 162.56).
#29 WARNING(ORCAP-36042): Pin "VIN" is renamed to "VIN#14" as visible power pin of same name already exists in Package TPS53319DQPT , U12: SCHEMATIC1, FPGA (53.34, 162.56).
#30 WARNING(ORCAP-36042): Pin "VIN" is renamed to "VIN#15" as visible power pin of same name already exists in Package TPS53319DQPT , U12: SCHEMATIC1, FPGA (53.34, 162.56).
#31 WARNING(ORCAP-36042): Pin "VIN" is renamed to "VIN#16" as visible power pin of same name already exists in Package TPS53319DQPT , U12: SCHEMATIC1, FPGA (53.34, 162.56).
#32 WARNING(ORCAP-36042): Pin "VIN" is renamed to "VIN#17" as visible power pin of same name already exists in Package TPS53319DQPT , U12: SCHEMATIC1, FPGA (53.34, 162.56).
#33 WARNING(ORCAP-36042): Pin "VCCO_14" is renamed to "VCCO_14#N17" as visible power pin of same name already exists in Package XC7S50-1CSGA324IG , U9A: SCHEMATIC1, FPGA (388.62, 157.48).
#34 WARNING(ORCAP-36042): Pin "VCCO_14" is renamed to "VCCO_14#T16" as visible power pin of same name already exists in Package XC7S50-1CSGA324IG , U9A: SCHEMATIC1, FPGA (388.62, 157.48).
#35 WARNING(ORCAP-36042): Pin "VCCO_14" is renamed to "VCCO_14#U13" as visible power pin of same name already exists in Package XC7S50-1CSGA324IG , U9A: SCHEMATIC1, FPGA (388.62, 157.48).
#36 WARNING(ORCAP-36042): Pin "VCCO_15" is renamed to "VCCO_15#C15" as visible power pin of same name already exists in Package XC7S50-1CSGA324IG , U9A: SCHEMATIC1, FPGA (388.62, 157.48).
#37 WARNING(ORCAP-36042): Pin "VCCO_15" is renamed to "VCCO_15#F16" as visible power pin of same name already exists in Package XC7S50-1CSGA324IG , U9A: SCHEMATIC1, FPGA (388.62, 157.48).
#38 WARNING(ORCAP-36042): Pin "VCCO_15" is renamed to "VCCO_15#J17" as visible power pin of same name already exists in Package XC7S50-1CSGA324IG , U9A: SCHEMATIC1, FPGA (388.62, 157.48).
#39 WARNING(ORCAP-36042): Pin "VCCO_16" is renamed to "VCCO_16#B10" as visible power pin of same name already exists in Package XC7S50-1CSGA324IG , U9A: SCHEMATIC1, FPGA (388.62, 157.48).
#40 WARNING(ORCAP-36042): Pin "VCCO_16" is renamed to "VCCO_16#B12" as visible power pin of same name already exists in Package XC7S50-1CSGA324IG , U9A: SCHEMATIC1, FPGA (388.62, 157.48).
#41 WARNING(ORCAP-36042): Pin "VCCO_34" is renamed to "VCCO_34#L3" as visible power pin of same name already exists in Package XC7S50-1CSGA324IG , U9A: SCHEMATIC1, FPGA (388.62, 157.48).
#42 WARNING(ORCAP-36042): Pin "VCCO_34" is renamed to "VCCO_34#P4" as visible power pin of same name already exists in Package XC7S50-1CSGA324IG , U9A: SCHEMATIC1, FPGA (388.62, 157.48).
#43 WARNING(ORCAP-36042): Pin "VCCO_34" is renamed to "VCCO_34#U5" as visible power pin of same name already exists in Package XC7S50-1CSGA324IG , U9A: SCHEMATIC1, FPGA (388.62, 157.48).
#44 WARNING(ORCAP-36042): Pin "VCCO_35" is renamed to "VCCO_35#B6" as visible power pin of same name already exists in Package XC7S50-1CSGA324IG , U9A: SCHEMATIC1, FPGA (388.62, 157.48).
#45 WARNING(ORCAP-36042): Pin "VCCO_35" is renamed to "VCCO_35#D4" as visible power pin of same name already exists in Package XC7S50-1CSGA324IG , U9A: SCHEMATIC1, FPGA (388.62, 157.48).
#46 WARNING(ORCAP-36042): Pin "VCCO_35" is renamed to "VCCO_35#G3" as visible power pin of same name already exists in Package XC7S50-1CSGA324IG , U9A: SCHEMATIC1, FPGA (388.62, 157.48).
#47 WARNING(ORCAP-36042): Pin "VCCO_0" is renamed to "VCCO_0#D8" as visible power pin of same name already exists in Package XC7S50-1CSGA324IG , U9A: SCHEMATIC1, FPGA (388.62, 157.48).
#48 WARNING(ORCAP-36042): Pin "VCCO_0" is renamed to "VCCO_0#V10" as visible power pin of same name already exists in Package XC7S50-1CSGA324IG , U9A: SCHEMATIC1, FPGA (388.62, 157.48).
#49 WARNING(ORCAP-36042): Pin "VCCBRAM" is renamed to "VCCBRAM#L7" as visible power pin of same name already exists in Package XC7S50-1CSGA324IG , U9A: SCHEMATIC1, FPGA (388.62, 157.48).
#50 WARNING(ORCAP-36042): Pin "VCCBRAM" is renamed to "VCCBRAM#N7" as visible power pin of same name already exists in Package XC7S50-1CSGA324IG , U9A: SCHEMATIC1, FPGA (388.62, 157.48).
#51 WARNING(ORCAP-36042): Pin "VCCAUX" is renamed to "VCCAUX#F12" as visible power pin of same name already exists in Package XC7S50-1CSGA324IG , U9A: SCHEMATIC1, FPGA (388.62, 157.48).
#52 WARNING(ORCAP-36042): Pin "VCCAUX" is renamed to "VCCAUX#H12" as visible power pin of same name already exists in Package XC7S50-1CSGA324IG , U9A: SCHEMATIC1, FPGA (388.62, 157.48).
#53 WARNING(ORCAP-36042): Pin "VCCAUX" is renamed to "VCCAUX#K12" as visible power pin of same name already exists in Package XC7S50-1CSGA324IG , U9A: SCHEMATIC1, FPGA (388.62, 157.48).
#54 WARNING(ORCAP-36042): Pin "VCCAUX" is renamed to "VCCAUX#M12" as visible power pin of same name already exists in Package XC7S50-1CSGA324IG , U9A: SCHEMATIC1, FPGA (388.62, 157.48).
#55 WARNING(ORCAP-36042): Pin "VCCAUX" is renamed to "VCCAUX#P12" as visible power pin of same name already exists in Package XC7S50-1CSGA324IG , U9A: SCHEMATIC1, FPGA (388.62, 157.48).
#56 WARNING(ORCAP-36042): Pin "VCCINT" is renamed to "VCCINT#E7" as visible power pin of same name already exists in Package XC7S50-1CSGA324IG , U9A: SCHEMATIC1, FPGA (388.62, 157.48).
#57 WARNING(ORCAP-36042): Pin "VCCINT" is renamed to "VCCINT#E9" as visible power pin of same name already exists in Package XC7S50-1CSGA324IG , U9A: SCHEMATIC1, FPGA (388.62, 157.48).
#58 WARNING(ORCAP-36042): Pin "VCCINT" is renamed to "VCCINT#E11" as visible power pin of same name already exists in Package XC7S50-1CSGA324IG , U9A: SCHEMATIC1, FPGA (388.62, 157.48).
#59 WARNING(ORCAP-36042): Pin "VCCINT" is renamed to "VCCINT#F8" as visible power pin of same name already exists in Package XC7S50-1CSGA324IG , U9A: SCHEMATIC1, FPGA (388.62, 157.48).
#60 WARNING(ORCAP-36042): Pin "VCCINT" is renamed to "VCCINT#F10" as visible power pin of same name already exists in Package XC7S50-1CSGA324IG , U9A: SCHEMATIC1, FPGA (388.62, 157.48).
#61 WARNING(ORCAP-36042): Pin "VCCINT" is renamed to "VCCINT#G7" as visible power pin of same name already exists in Package XC7S50-1CSGA324IG , U9A: SCHEMATIC1, FPGA (388.62, 157.48).
#62 WARNING(ORCAP-36042): Pin "VCCINT" is renamed to "VCCINT#G9" as visible power pin of same name already exists in Package XC7S50-1CSGA324IG , U9A: SCHEMATIC1, FPGA (388.62, 157.48).
#63 WARNING(ORCAP-36042): Pin "VCCINT" is renamed to "VCCINT#G11" as visible power pin of same name already exists in Package XC7S50-1CSGA324IG , U9A: SCHEMATIC1, FPGA (388.62, 157.48).
#64 WARNING(ORCAP-36042): Pin "VCCINT" is renamed to "VCCINT#H8" as visible power pin of same name already exists in Package XC7S50-1CSGA324IG , U9A: SCHEMATIC1, FPGA (388.62, 157.48).
#65 WARNING(ORCAP-36042): Pin "VCCINT" is renamed to "VCCINT#J7" as visible power pin of same name already exists in Package XC7S50-1CSGA324IG , U9A: SCHEMATIC1, FPGA (388.62, 157.48).
#66 WARNING(ORCAP-36042): Pin "VCCINT" is renamed to "VCCINT#J11" as visible power pin of same name already exists in Package XC7S50-1CSGA324IG , U9A: SCHEMATIC1, FPGA (388.62, 157.48).
#67 WARNING(ORCAP-36042): Pin "VCCINT" is renamed to "VCCINT#K8" as visible power pin of same name already exists in Package XC7S50-1CSGA324IG , U9A: SCHEMATIC1, FPGA (388.62, 157.48).
#68 WARNING(ORCAP-36042): Pin "VCCINT" is renamed to "VCCINT#L11" as visible power pin of same name already exists in Package XC7S50-1CSGA324IG , U9A: SCHEMATIC1, FPGA (388.62, 157.48).
#69 WARNING(ORCAP-36042): Pin "VCCINT" is renamed to "VCCINT#M8" as visible power pin of same name already exists in Package XC7S50-1CSGA324IG , U9A: SCHEMATIC1, FPGA (388.62, 157.48).
#70 WARNING(ORCAP-36042): Pin "VCCINT" is renamed to "VCCINT#M10" as visible power pin of same name already exists in Package XC7S50-1CSGA324IG , U9A: SCHEMATIC1, FPGA (388.62, 157.48).
#71 WARNING(ORCAP-36042): Pin "VCCINT" is renamed to "VCCINT#N9" as visible power pin of same name already exists in Package XC7S50-1CSGA324IG , U9A: SCHEMATIC1, FPGA (388.62, 157.48).
#72 WARNING(ORCAP-36042): Pin "VCCINT" is renamed to "VCCINT#N11" as visible power pin of same name already exists in Package XC7S50-1CSGA324IG , U9A: SCHEMATIC1, FPGA (388.62, 157.48).
#73 WARNING(ORCAP-36042): Pin "VCCINT" is renamed to "VCCINT#P8" as visible power pin of same name already exists in Package XC7S50-1CSGA324IG , U9A: SCHEMATIC1, FPGA (388.62, 157.48).
#74 WARNING(ORCAP-36042): Pin "VCCINT" is renamed to "VCCINT#P10" as visible power pin of same name already exists in Package XC7S50-1CSGA324IG , U9A: SCHEMATIC1, FPGA (388.62, 157.48).
#75 WARNING(ORCAP-36042): Pin "GND" is renamed to "GND#A1" as visible power pin of same name already exists in Package XC7S50-1CSGA324IG , U9A: SCHEMATIC1, FPGA (388.62, 157.48).
#76 WARNING(ORCAP-36042): Pin "GND" is renamed to "GND#A12" as visible power pin of same name already exists in Package XC7S50-1CSGA324IG , U9A: SCHEMATIC1, FPGA (388.62, 157.48).
#77 WARNING(ORCAP-36042): Pin "GND" is renamed to "GND#A18" as visible power pin of same name already exists in Package XC7S50-1CSGA324IG , U9A: SCHEMATIC1, FPGA (388.62, 157.48).
#78 WARNING(ORCAP-36042): Pin "GND" is renamed to "GND#B9" as visible power pin of same name already exists in Package XC7S50-1CSGA324IG , U9A: SCHEMATIC1, FPGA (388.62, 157.48).
#79 WARNING(ORCAP-36042): Pin "GND" is renamed to "GND#C6" as visible power pin of same name already exists in Package XC7S50-1CSGA324IG , U9A: SCHEMATIC1, FPGA (388.62, 157.48).
#80 WARNING(ORCAP-36042): Pin "GND" is renamed to "GND#C16" as visible power pin of same name already exists in Package XC7S50-1CSGA324IG , U9A: SCHEMATIC1, FPGA (388.62, 157.48).
#81 WARNING(ORCAP-36042): Pin "GND" is renamed to "GND#D3" as visible power pin of same name already exists in Package XC7S50-1CSGA324IG , U9A: SCHEMATIC1, FPGA (388.62, 157.48).
#82 WARNING(ORCAP-36042): Pin "GND" is renamed to "GND#D13" as visible power pin of same name already exists in Package XC7S50-1CSGA324IG , U9A: SCHEMATIC1, FPGA (388.62, 157.48).
#83 WARNING(ORCAP-36042): Pin "GND" is renamed to "GND#E8" as visible power pin of same name already exists in Package XC7S50-1CSGA324IG , U9A: SCHEMATIC1, FPGA (388.62, 157.48).
#84 WARNING(ORCAP-36042): Pin "GND" is renamed to "GND#E10" as visible power pin of same name already exists in Package XC7S50-1CSGA324IG , U9A: SCHEMATIC1, FPGA (388.62, 157.48).
#85 WARNING(ORCAP-36042): Pin "GND" is renamed to "GND#F7" as visible power pin of same name already exists in Package XC7S50-1CSGA324IG , U9A: SCHEMATIC1, FPGA (388.62, 157.48).
#86 WARNING(ORCAP-36042): Pin "GND" is renamed to "GND#F9" as visible power pin of same name already exists in Package XC7S50-1CSGA324IG , U9A: SCHEMATIC1, FPGA (388.62, 157.48).
#87 WARNING(ORCAP-36042): Pin "GND" is renamed to "GND#F11" as visible power pin of same name already exists in Package XC7S50-1CSGA324IG , U9A: SCHEMATIC1, FPGA (388.62, 157.48).
#88 WARNING(ORCAP-36042): Pin "GND" is renamed to "GND#F17" as visible power pin of same name already exists in Package XC7S50-1CSGA324IG , U9A: SCHEMATIC1, FPGA (388.62, 157.48).
#89 WARNING(ORCAP-36042): Pin "GND" is renamed to "GND#G4" as visible power pin of same name already exists in Package XC7S50-1CSGA324IG , U9A: SCHEMATIC1, FPGA (388.62, 157.48).
#90 WARNING(ORCAP-36042): Pin "GND" is renamed to "GND#G8" as visible power pin of same name already exists in Package XC7S50-1CSGA324IG , U9A: SCHEMATIC1, FPGA (388.62, 157.48).
#91 WARNING(ORCAP-36042): Pin "GND" is renamed to "GND#G10" as visible power pin of same name already exists in Package XC7S50-1CSGA324IG , U9A: SCHEMATIC1, FPGA (388.62, 157.48).
#92 WARNING(ORCAP-36042): Pin "GND" is renamed to "GND#G12" as visible power pin of same name already exists in Package XC7S50-1CSGA324IG , U9A: SCHEMATIC1, FPGA (388.62, 157.48).
#93 WARNING(ORCAP-36042): Pin "GND" is renamed to "GND#G14" as visible power pin of same name already exists in Package XC7S50-1CSGA324IG , U9A: SCHEMATIC1, FPGA (388.62, 157.48).
#94 WARNING(ORCAP-36042): Pin "GND" is renamed to "GND#H1" as visible power pin of same name already exists in Package XC7S50-1CSGA324IG , U9A: SCHEMATIC1, FPGA (388.62, 157.48).
#95 WARNING(ORCAP-36042): Pin "GND" is renamed to "GND#H7" as visible power pin of same name already exists in Package XC7S50-1CSGA324IG , U9A: SCHEMATIC1, FPGA (388.62, 157.48).
#96 WARNING(ORCAP-36042): Pin "GND" is renamed to "GND#H11" as visible power pin of same name already exists in Package XC7S50-1CSGA324IG , U9A: SCHEMATIC1, FPGA (388.62, 157.48).
#97 WARNING(ORCAP-36042): Pin "GND" is renamed to "GND#J8" as visible power pin of same name already exists in Package XC7S50-1CSGA324IG , U9A: SCHEMATIC1, FPGA (388.62, 157.48).
#98 WARNING(ORCAP-36042): Pin "GND" is renamed to "GND#J12" as visible power pin of same name already exists in Package XC7S50-1CSGA324IG , U9A: SCHEMATIC1, FPGA (388.62, 157.48).
#99 WARNING(ORCAP-36042): Pin "GND" is renamed to "GND#J18" as visible power pin of same name already exists in Package XC7S50-1CSGA324IG , U9A: SCHEMATIC1, FPGA (388.62, 157.48).
#100 WARNING(ORCAP-36042): Pin "GND" is renamed to "GND#K5" as visible power pin of same name already exists in Package XC7S50-1CSGA324IG , U9A: SCHEMATIC1, FPGA (388.62, 157.48).
#101 WARNING(ORCAP-36042): Pin "GND" is renamed to "GND#K7" as visible power pin of same name already exists in Package XC7S50-1CSGA324IG , U9A: SCHEMATIC1, FPGA (388.62, 157.48).
#102 WARNING(ORCAP-36042): Pin "GND" is renamed to "GND#K11" as visible power pin of same name already exists in Package XC7S50-1CSGA324IG , U9A: SCHEMATIC1, FPGA (388.62, 157.48).
#103 WARNING(ORCAP-36042): Pin "GND" is renamed to "GND#K15" as visible power pin of same name already exists in Package XC7S50-1CSGA324IG , U9A: SCHEMATIC1, FPGA (388.62, 157.48).
#104 WARNING(ORCAP-36042): Pin "GND" is renamed to "GND#L2" as visible power pin of same name already exists in Package XC7S50-1CSGA324IG , U9A: SCHEMATIC1, FPGA (388.62, 157.48).
#105 WARNING(ORCAP-36042): Pin "GND" is renamed to "GND#L8" as visible power pin of same name already exists in Package XC7S50-1CSGA324IG , U9A: SCHEMATIC1, FPGA (388.62, 157.48).
#106 WARNING(ORCAP-36042): Pin "GND" is renamed to "GND#L12" as visible power pin of same name already exists in Package XC7S50-1CSGA324IG , U9A: SCHEMATIC1, FPGA (388.62, 157.48).
#107 WARNING(ORCAP-36042): Pin "GND" is renamed to "GND#M7" as visible power pin of same name already exists in Package XC7S50-1CSGA324IG , U9A: SCHEMATIC1, FPGA (388.62, 157.48).
#108 WARNING(ORCAP-36042): Pin "GND" is renamed to "GND#M9" as visible power pin of same name already exists in Package XC7S50-1CSGA324IG , U9A: SCHEMATIC1, FPGA (388.62, 157.48).
#109 WARNING(ORCAP-36042): Pin "GND" is renamed to "GND#M11" as visible power pin of same name already exists in Package XC7S50-1CSGA324IG , U9A: SCHEMATIC1, FPGA (388.62, 157.48).
#110 WARNING(ORCAP-36042): Pin "GND" is renamed to "GND#N6" as visible power pin of same name already exists in Package XC7S50-1CSGA324IG , U9A: SCHEMATIC1, FPGA (388.62, 157.48).
#111 WARNING(ORCAP-36042): Pin "GND" is renamed to "GND#N8" as visible power pin of same name already exists in Package XC7S50-1CSGA324IG , U9A: SCHEMATIC1, FPGA (388.62, 157.48).
#112 WARNING(ORCAP-36042): Pin "GND" is renamed to "GND#N10" as visible power pin of same name already exists in Package XC7S50-1CSGA324IG , U9A: SCHEMATIC1, FPGA (388.62, 157.48).
#113 WARNING(ORCAP-36042): Pin "GND" is renamed to "GND#N12" as visible power pin of same name already exists in Package XC7S50-1CSGA324IG , U9A: SCHEMATIC1, FPGA (388.62, 157.48).
#114 WARNING(ORCAP-36042): Pin "GND" is renamed to "GND#N16" as visible power pin of same name already exists in Package XC7S50-1CSGA324IG , U9A: SCHEMATIC1, FPGA (388.62, 157.48).
#115 WARNING(ORCAP-36042): Pin "GND" is renamed to "GND#P3" as visible power pin of same name already exists in Package XC7S50-1CSGA324IG , U9A: SCHEMATIC1, FPGA (388.62, 157.48).
#116 WARNING(ORCAP-36042): Pin "GND" is renamed to "GND#P9" as visible power pin of same name already exists in Package XC7S50-1CSGA324IG , U9A: SCHEMATIC1, FPGA (388.62, 157.48).
#117 WARNING(ORCAP-36042): Pin "GND" is renamed to "GND#P11" as visible power pin of same name already exists in Package XC7S50-1CSGA324IG , U9A: SCHEMATIC1, FPGA (388.62, 157.48).
#118 WARNING(ORCAP-36042): Pin "GND" is renamed to "GND#R10" as visible power pin of same name already exists in Package XC7S50-1CSGA324IG , U9A: SCHEMATIC1, FPGA (388.62, 157.48).
#119 WARNING(ORCAP-36042): Pin "GND" is renamed to "GND#T7" as visible power pin of same name already exists in Package XC7S50-1CSGA324IG , U9A: SCHEMATIC1, FPGA (388.62, 157.48).
#120 WARNING(ORCAP-36042): Pin "GND" is renamed to "GND#T17" as visible power pin of same name already exists in Package XC7S50-1CSGA324IG , U9A: SCHEMATIC1, FPGA (388.62, 157.48).
#121 WARNING(ORCAP-36042): Pin "GND" is renamed to "GND#U4" as visible power pin of same name already exists in Package XC7S50-1CSGA324IG , U9A: SCHEMATIC1, FPGA (388.62, 157.48).
#122 WARNING(ORCAP-36042): Pin "GND" is renamed to "GND#U14" as visible power pin of same name already exists in Package XC7S50-1CSGA324IG , U9A: SCHEMATIC1, FPGA (388.62, 157.48).
#123 WARNING(ORCAP-36042): Pin "GND" is renamed to "GND#V1" as visible power pin of same name already exists in Package XC7S50-1CSGA324IG , U9A: SCHEMATIC1, FPGA (388.62, 157.48).
#124 WARNING(ORCAP-36042): Pin "GND" is renamed to "GND#V11" as visible power pin of same name already exists in Package XC7S50-1CSGA324IG , U9A: SCHEMATIC1, FPGA (388.62, 157.48).
#125 WARNING(ORCAP-36042): Pin "GND" is renamed to "GND#V18" as visible power pin of same name already exists in Package XC7S50-1CSGA324IG , U9A: SCHEMATIC1, FPGA (388.62, 157.48).
INFO(ORCAP-36080): Scanning netlist files ...

Loading... F:\MyTemporary\Github\PhotonDetector\CrazyRabbit\Schematic\Netlist\pstchip.dat

Loading... F:\MyTemporary\Github\PhotonDetector\CrazyRabbit\Schematic\Netlist\pstchip.dat

Loading... F:\MyTemporary\Github\PhotonDetector\CrazyRabbit\Schematic\Netlist\pstxprt.dat

Loading... F:\MyTemporary\Github\PhotonDetector\CrazyRabbit\Schematic\Netlist\pstxnet.dat
packaging the design view...