
*** Running vivado
    with args -log ZPhotonDetector_Block_ZPower_EN_0_0.vds -m64 -product Vivado -mode batch -messageDb vivado.pb -notrace -source ZPhotonDetector_Block_ZPower_EN_0_0.tcl



****** Vivado v2023.1 (64-bit)
  **** SW Build 3865809 on Sun May  7 15:05:29 MDT 2023
  **** IP Build 3864474 on Sun May  7 20:36:21 MDT 2023
  **** SharedData Build 3865790 on Sun May 07 13:33:03 MDT 2023
    ** Copyright 1986-2022 Xilinx, Inc. All Rights Reserved.
    ** Copyright 2022-2023 Advanced Micro Devices, Inc. All Rights Reserved.

source ZPhotonDetector_Block_ZPower_EN_0_0.tcl -notrace
create_project: Time (s): cpu = 00:00:06 ; elapsed = 00:00:12 . Memory (MB): peak = 1453.797 ; gain = 152.734
INFO: [IP_Flow 19-234] Refreshing IP repositories
INFO: [IP_Flow 19-1704] No user IP repositories specified
INFO: [IP_Flow 19-2313] Loaded Vivado IP repository 'F:/MySoftware/Xilinx/Vivado/2023.1/data/ip'.
WARNING: [IP_Flow 19-4995] The host OS only allows 260 characters in a normal path. The IP cache path is more than 80 characters. If you experience issues with IP caching, please consider changing the IP cache to a location with a shorter path. Alternately consider using the OS subst command to map part of the path to a drive letter. 
Current IP cache path is f:/MyTemporary/Github/PhotonDetector/Processing_Board/Firmware/ZPhotonDetector/ZPhotonDetector.cache/ip 
INFO: [IP_Flow 19-6924] IPCACHE: Running cache check for IP inst: ZPhotonDetector_Block_ZPower_EN_0_0
Command: synth_design -top ZPhotonDetector_Block_ZPower_EN_0_0 -part xc7s25ftgb196-1 -incremental_mode off -mode out_of_context
Starting synth_design
Attempting to get a license for feature 'Synthesis' and/or device 'xc7s25'
INFO: [Common 17-349] Got license for feature 'Synthesis' and/or device 'xc7s25'
INFO: [Device 21-403] Loading part xc7s25ftgb196-1
INFO: [Synth 8-7079] Multithreading enabled for synth_design using a maximum of 2 processes.
INFO: [Synth 8-7078] Launching helper process for spawning children vivado processes
INFO: [Synth 8-7075] Helper process launched with PID 11696
---------------------------------------------------------------------------------
Starting RTL Elaboration : Time (s): cpu = 00:00:05 ; elapsed = 00:00:08 . Memory (MB): peak = 2260.441 ; gain = 409.508
---------------------------------------------------------------------------------
INFO: [Synth 8-6157] synthesizing module 'ZPhotonDetector_Block_ZPower_EN_0_0' [f:/MyTemporary/Github/PhotonDetector/Processing_Board/Firmware/ZPhotonDetector/ZVerilog/ZBlocks/ZPhotonDetector_Block/ip/ZPhotonDetector_Block_ZPower_EN_0_0/synth/ZPhotonDetector_Block_ZPower_EN_0_0.v:53]
INFO: [Synth 8-6157] synthesizing module 'ZPower_EN' [F:/MyTemporary/Github/PhotonDetector/Processing_Board/Firmware/ZPhotonDetector/ZVerilog/ZPower/ZPower_EN.v:23]
INFO: [Synth 8-6155] done synthesizing module 'ZPower_EN' (0#1) [F:/MyTemporary/Github/PhotonDetector/Processing_Board/Firmware/ZPhotonDetector/ZVerilog/ZPower/ZPower_EN.v:23]
INFO: [Synth 8-6155] done synthesizing module 'ZPhotonDetector_Block_ZPower_EN_0_0' (0#1) [f:/MyTemporary/Github/PhotonDetector/Processing_Board/Firmware/ZPhotonDetector/ZVerilog/ZBlocks/ZPhotonDetector_Block/ip/ZPhotonDetector_Block_ZPower_EN_0_0/synth/ZPhotonDetector_Block_ZPower_EN_0_0.v:53]
WARNING: [Synth 8-7129] Port iClk in module ZPower_EN is either unconnected or has no load
WARNING: [Synth 8-7129] Port iRst_N in module ZPower_EN is either unconnected or has no load
---------------------------------------------------------------------------------
Finished RTL Elaboration : Time (s): cpu = 00:00:06 ; elapsed = 00:00:10 . Memory (MB): peak = 2351.973 ; gain = 501.039
---------------------------------------------------------------------------------
---------------------------------------------------------------------------------
Start Handling Custom Attributes
---------------------------------------------------------------------------------
---------------------------------------------------------------------------------
Finished Handling Custom Attributes : Time (s): cpu = 00:00:06 ; elapsed = 00:00:10 . Memory (MB): peak = 2369.895 ; gain = 518.961
---------------------------------------------------------------------------------
---------------------------------------------------------------------------------
Finished RTL Optimization Phase 1 : Time (s): cpu = 00:00:06 ; elapsed = 00:00:10 . Memory (MB): peak = 2369.895 ; gain = 518.961
---------------------------------------------------------------------------------
Netlist sorting complete. Time (s): cpu = 00:00:00 ; elapsed = 00:00:00 . Memory (MB): peak = 2369.895 ; gain = 0.000
INFO: [Project 1-570] Preparing netlist for logic optimization

Processing XDC Constraints
Initializing timing engine
Completed Processing XDC Constraints

Netlist sorting complete. Time (s): cpu = 00:00:00 ; elapsed = 00:00:00 . Memory (MB): peak = 2392.715 ; gain = 0.000
INFO: [Project 1-111] Unisim Transformation Summary:
No Unisim elements were transformed.

Constraint Validation Runtime : Time (s): cpu = 00:00:00 ; elapsed = 00:00:00.022 . Memory (MB): peak = 2392.715 ; gain = 0.000
INFO: [Designutils 20-5008] Incremental synthesis strategy off
---------------------------------------------------------------------------------
Finished Constraint Validation : Time (s): cpu = 00:00:13 ; elapsed = 00:00:17 . Memory (MB): peak = 2392.715 ; gain = 541.781
---------------------------------------------------------------------------------
---------------------------------------------------------------------------------
Start Loading Part and Timing Information
---------------------------------------------------------------------------------
Loading part: xc7s25ftgb196-1
---------------------------------------------------------------------------------
Finished Loading Part and Timing Information : Time (s): cpu = 00:00:13 ; elapsed = 00:00:17 . Memory (MB): peak = 2392.715 ; gain = 541.781
---------------------------------------------------------------------------------
---------------------------------------------------------------------------------
Start Applying 'set_property' XDC Constraints
---------------------------------------------------------------------------------
---------------------------------------------------------------------------------
Finished applying 'set_property' XDC Constraints : Time (s): cpu = 00:00:13 ; elapsed = 00:00:17 . Memory (MB): peak = 2392.715 ; gain = 541.781
---------------------------------------------------------------------------------
---------------------------------------------------------------------------------
Finished RTL Optimization Phase 2 : Time (s): cpu = 00:00:13 ; elapsed = 00:00:17 . Memory (MB): peak = 2392.715 ; gain = 541.781
---------------------------------------------------------------------------------
---------------------------------------------------------------------------------
Start RTL Component Statistics 
---------------------------------------------------------------------------------
Detailed RTL Component Info : 
---------------------------------------------------------------------------------
Finished RTL Component Statistics 
---------------------------------------------------------------------------------
---------------------------------------------------------------------------------
Start Part Resource Summary
---------------------------------------------------------------------------------
Part Resources:
DSPs: 80 (col length:40)
BRAMs: 90 (col length: RAMB18 40 RAMB36 20)
---------------------------------------------------------------------------------
Finished Part Resource Summary
---------------------------------------------------------------------------------
---------------------------------------------------------------------------------
Start Cross Boundary and Area Optimization
---------------------------------------------------------------------------------
WARNING: [Synth 8-7080] Parallel synthesis criteria is not met
WARNING: [Synth 8-3330] design ZPhotonDetector_Block_ZPower_EN_0_0 has an empty top module
INFO: [Synth 8-3917] design ZPhotonDetector_Block_ZPower_EN_0_0 has port oEn driven by constant 1
WARNING: [Synth 8-7129] Port iClk in module ZPhotonDetector_Block_ZPower_EN_0_0 is either unconnected or has no load
WARNING: [Synth 8-7129] Port iRst_N in module ZPhotonDetector_Block_ZPower_EN_0_0 is either unconnected or has no load
---------------------------------------------------------------------------------
Finished Cross Boundary and Area Optimization : Time (s): cpu = 00:00:15 ; elapsed = 00:00:19 . Memory (MB): peak = 2392.715 ; gain = 541.781
---------------------------------------------------------------------------------
---------------------------------------------------------------------------------
Start Applying XDC Timing Constraints
---------------------------------------------------------------------------------
---------------------------------------------------------------------------------
Finished Applying XDC Timing Constraints : Time (s): cpu = 00:00:20 ; elapsed = 00:00:25 . Memory (MB): peak = 2392.715 ; gain = 541.781
---------------------------------------------------------------------------------
---------------------------------------------------------------------------------
Start Timing Optimization
---------------------------------------------------------------------------------
---------------------------------------------------------------------------------
Finished Timing Optimization : Time (s): cpu = 00:00:20 ; elapsed = 00:00:25 . Memory (MB): peak = 2392.715 ; gain = 541.781
---------------------------------------------------------------------------------
---------------------------------------------------------------------------------
Start Technology Mapping
---------------------------------------------------------------------------------
---------------------------------------------------------------------------------
Finished Technology Mapping : Time (s): cpu = 00:00:20 ; elapsed = 00:00:25 . Memory (MB): peak = 2392.715 ; gain = 541.781
---------------------------------------------------------------------------------
---------------------------------------------------------------------------------
Start IO Insertion
---------------------------------------------------------------------------------
---------------------------------------------------------------------------------
Start Flattening Before IO Insertion
---------------------------------------------------------------------------------
---------------------------------------------------------------------------------
Finished Flattening Before IO Insertion
---------------------------------------------------------------------------------
---------------------------------------------------------------------------------
Start Final Netlist Cleanup
---------------------------------------------------------------------------------
---------------------------------------------------------------------------------
Finished Final Netlist Cleanup
---------------------------------------------------------------------------------
---------------------------------------------------------------------------------
Finished IO Insertion : Time (s): cpu = 00:00:24 ; elapsed = 00:00:29 . Memory (MB): peak = 2392.715 ; gain = 541.781
---------------------------------------------------------------------------------
---------------------------------------------------------------------------------
Start Renaming Generated Instances
---------------------------------------------------------------------------------
---------------------------------------------------------------------------------
Finished Renaming Generated Instances : Time (s): cpu = 00:00:24 ; elapsed = 00:00:29 . Memory (MB): peak = 2392.715 ; gain = 541.781
---------------------------------------------------------------------------------
---------------------------------------------------------------------------------
Start Rebuilding User Hierarchy
---------------------------------------------------------------------------------
---------------------------------------------------------------------------------
Finished Rebuilding User Hierarchy : Time (s): cpu = 00:00:24 ; elapsed = 00:00:29 . Memory (MB): peak = 2392.715 ; gain = 541.781
---------------------------------------------------------------------------------
---------------------------------------------------------------------------------
Start Renaming Generated Ports
---------------------------------------------------------------------------------
---------------------------------------------------------------------------------
Finished Renaming Generated Ports : Time (s): cpu = 00:00:24 ; elapsed = 00:00:29 . Memory (MB): peak = 2392.715 ; gain = 541.781
---------------------------------------------------------------------------------
---------------------------------------------------------------------------------
Start Handling Custom Attributes
---------------------------------------------------------------------------------
---------------------------------------------------------------------------------
Finished Handling Custom Attributes : Time (s): cpu = 00:00:24 ; elapsed = 00:00:29 . Memory (MB): peak = 2392.715 ; gain = 541.781
---------------------------------------------------------------------------------
---------------------------------------------------------------------------------
Start Renaming Generated Nets
---------------------------------------------------------------------------------
---------------------------------------------------------------------------------
Finished Renaming Generated Nets : Time (s): cpu = 00:00:24 ; elapsed = 00:00:29 . Memory (MB): peak = 2392.715 ; gain = 541.781
---------------------------------------------------------------------------------
---------------------------------------------------------------------------------
Start Writing Synthesis Report
---------------------------------------------------------------------------------

Report BlackBoxes: 
+-+--------------+----------+
| |BlackBox name |Instances |
+-+--------------+----------+
+-+--------------+----------+

Report Cell Usage: 
+-+-----+------+
| |Cell |Count |
+-+-----+------+
+-+-----+------+
---------------------------------------------------------------------------------
Finished Writing Synthesis Report : Time (s): cpu = 00:00:24 ; elapsed = 00:00:29 . Memory (MB): peak = 2392.715 ; gain = 541.781
---------------------------------------------------------------------------------
Synthesis finished with 0 errors, 0 critical warnings and 4 warnings.
Synthesis Optimization Runtime : Time (s): cpu = 00:00:17 ; elapsed = 00:00:27 . Memory (MB): peak = 2392.715 ; gain = 518.961
Synthesis Optimization Complete : Time (s): cpu = 00:00:25 ; elapsed = 00:00:29 . Memory (MB): peak = 2392.715 ; gain = 541.781
INFO: [Project 1-571] Translating synthesized netlist
Netlist sorting complete. Time (s): cpu = 00:00:00 ; elapsed = 00:00:00 . Memory (MB): peak = 2392.715 ; gain = 0.000
INFO: [Project 1-570] Preparing netlist for logic optimization
INFO: [Opt 31-138] Pushed 0 inverter(s) to 0 load pin(s).
Netlist sorting complete. Time (s): cpu = 00:00:00 ; elapsed = 00:00:00 . Memory (MB): peak = 2392.715 ; gain = 0.000
INFO: [Project 1-111] Unisim Transformation Summary:
No Unisim elements were transformed.

Synth Design complete | Checksum: 26e2f77f
INFO: [Common 17-83] Releasing license: Synthesis
22 Infos, 7 Warnings, 0 Critical Warnings and 0 Errors encountered.
synth_design completed successfully
synth_design: Time (s): cpu = 00:00:28 ; elapsed = 00:00:35 . Memory (MB): peak = 2392.715 ; gain = 907.941
INFO: [Common 17-1381] The checkpoint 'F:/MyTemporary/Github/PhotonDetector/Processing_Board/Firmware/ZPhotonDetector/ZPhotonDetector.runs/ZPhotonDetector_Block_ZPower_EN_0_0_synth_1/ZPhotonDetector_Block_ZPower_EN_0_0.dcp' has been generated.
INFO: [Coretcl 2-1648] Added synthesis output to IP cache for IP ZPhotonDetector_Block_ZPower_EN_0_0, cache-ID = 8ed9232538ef87e1
INFO: [Common 17-1381] The checkpoint 'F:/MyTemporary/Github/PhotonDetector/Processing_Board/Firmware/ZPhotonDetector/ZPhotonDetector.runs/ZPhotonDetector_Block_ZPower_EN_0_0_synth_1/ZPhotonDetector_Block_ZPower_EN_0_0.dcp' has been generated.
INFO: [runtcl-4] Executing : report_utilization -file ZPhotonDetector_Block_ZPower_EN_0_0_utilization_synth.rpt -pb ZPhotonDetector_Block_ZPower_EN_0_0_utilization_synth.pb
INFO: [Common 17-206] Exiting Vivado at Tue Oct 24 10:55:56 2023...
