Release 14.7 - xst P.20131013 (nt64)
Copyright (c) 1995-2013 Xilinx, Inc.  All rights reserved.
--> Parameter TMPDIR set to xst/projnav.tmp


Total REAL time to Xst completion: 0.00 secs
Total CPU time to Xst completion: 0.18 secs
 
--> Parameter xsthdpdir set to xst


Total REAL time to Xst completion: 0.00 secs
Total CPU time to Xst completion: 0.18 secs
 
--> Reading design: XC95144XL.prj

TABLE OF CONTENTS
  1) Synthesis Options Summary
  2) HDL Compilation
  3) Design Hierarchy Analysis
  4) HDL Analysis
  5) HDL Synthesis
     5.1) HDL Synthesis Report
  6) Advanced HDL Synthesis
     6.1) Advanced HDL Synthesis Report
  7) Low Level Synthesis
  8) Partition Report
  9) Final Report

=========================================================================
*                      Synthesis Options Summary                        *
=========================================================================
---- Source Parameters
Input File Name                    : "XC95144XL.prj"
Input Format                       : mixed
Ignore Synthesis Constraint File   : NO

---- Target Parameters
Output File Name                   : "XC95144XL"
Output Format                      : NGC
Target Device                      : XC9500XL CPLDs

---- Source Options
Top Module Name                    : XC95144XL
Automatic FSM Extraction           : YES
FSM Encoding Algorithm             : Auto
Safe Implementation                : No
Mux Extraction                     : Yes
Resource Sharing                   : YES

---- Target Options
Add IO Buffers                     : YES
MACRO Preserve                     : YES
XOR Preserve                       : YES
Equivalent register Removal        : YES

---- General Options
Optimization Goal                  : Speed
Optimization Effort                : 1
Keep Hierarchy                     : Yes
Netlist Hierarchy                  : As_Optimized
RTL Output                         : Yes
Hierarchy Separator                : /
Bus Delimiter                      : <>
Case Specifier                     : Maintain
Verilog 2001                       : YES

---- Other Options
Clock Enable                       : YES
wysiwyg                            : NO

=========================================================================


=========================================================================
*                          HDL Compilation                              *
=========================================================================
Compiling verilog file "Code/XC95144XL.v" in library work
Module <XC95144XL> compiled
No errors in compilation
Analysis of file <"XC95144XL.prj"> succeeded.
 

=========================================================================
*                     Design Hierarchy Analysis                         *
=========================================================================
Analyzing hierarchy for module <XC95144XL> in library <work>.


=========================================================================
*                            HDL Analysis                               *
=========================================================================
Analyzing top module <XC95144XL>.
Module <XC95144XL> is correct for synthesis.
 

=========================================================================
*                           HDL Synthesis                               *
=========================================================================

Performing bidirectional port resolution...

Synthesizing Unit <XC95144XL>.
    Related source file is "Code/XC95144XL.v".
WARNING:Xst:1306 - Output <geiger_mode_en> is never assigned.
WARNING:Xst:1780 - Signal <rled<3:2>> is never used or assigned. This unconnected signal will be trimmed during the optimization process.
WARNING:Xst:653 - Signal <rled<1:0>> is used but never assigned. This sourceless signal will be automatically connected to value 00.
    Found 8x2-bit ROM for signal <counter$rom0000>.
    Found 16-bit up counter for signal <cnt_1KHz>.
    Found 16-bit comparator greatequal for signal <cnt_1KHz$cmp_ge0000> created at line 44.
    Found 9-bit up counter for signal <cnt_2Hz>.
    Found 9-bit comparator greatequal for signal <cnt_2Hz$cmp_ge0000> created at line 80.
    Found 3-bit up counter for signal <counter>.
    Found 9-bit comparator greater for signal <led_3$cmp_gt0000> created at line 91.
    Found 1-bit register for signal <rquench>.
    Found 1-bit register for signal <rreset>.
    Summary:
	inferred   1 ROM(s).
	inferred   3 Counter(s).
	inferred   2 D-type flip-flop(s).
	inferred   3 Comparator(s).
Unit <XC95144XL> synthesized.


=========================================================================
HDL Synthesis Report

Macro Statistics
# ROMs                                                 : 1
 8x2-bit ROM                                           : 1
# Counters                                             : 3
 16-bit up counter                                     : 1
 3-bit up counter                                      : 1
 9-bit up counter                                      : 1
# Registers                                            : 2
 1-bit register                                        : 2
# Comparators                                          : 3
 16-bit comparator greatequal                          : 1
 9-bit comparator greatequal                           : 1
 9-bit comparator greater                              : 1

=========================================================================

=========================================================================
*                       Advanced HDL Synthesis                          *
=========================================================================


=========================================================================
Advanced HDL Synthesis Report

Macro Statistics
# ROMs                                                 : 1
 8x2-bit ROM                                           : 1
# Counters                                             : 3
 16-bit up counter                                     : 1
 3-bit up counter                                      : 1
 9-bit up counter                                      : 1
# Registers                                            : 2
 Flip-Flops                                            : 2

=========================================================================

=========================================================================
*                         Low Level Synthesis                           *
=========================================================================

Optimizing unit <XC95144XL> ...

=========================================================================
*                           Partition Report                            *
=========================================================================

Partition Implementation Status
-------------------------------

  No Partitions were found in this design.

-------------------------------

=========================================================================
*                            Final Report                               *
=========================================================================
Final Results
RTL Top Level Output File Name     : XC95144XL.ngr
Top Level Output File Name         : XC95144XL
Output Format                      : NGC
Optimization Goal                  : Speed
Keep Hierarchy                     : Yes
Target Technology                  : XC9500XL CPLDs
Macro Preserve                     : YES
XOR Preserve                       : YES
Clock Enable                       : YES
wysiwyg                            : NO

Design Statistics
# IOs                              : 9

Cell Usage :
# BELS                             : 130
#      AND2                        : 59
#      AND4                        : 2
#      GND                         : 1
#      INV                         : 30
#      OR2                         : 8
#      OR3                         : 1
#      OR4                         : 1
#      VCC                         : 1
#      XOR2                        : 27
# FlipFlops/Latches                : 30
#      FDC                         : 18
#      FDCE                        : 12
# IO Buffers                       : 8
#      IBUF                        : 2
#      OBUF                        : 6
=========================================================================


Total REAL time to Xst completion: 3.00 secs
Total CPU time to Xst completion: 2.68 secs
 
--> 

Total memory usage is 4497648 kilobytes

Number of errors   :    0 (   0 filtered)
Number of warnings :    3 (   0 filtered)
Number of infos    :    0 (   0 filtered)

