#-----------------------------------------------------------
# Vivado v2023.1 (64-bit)
# SW Build 3865809 on Sun May  7 15:05:29 MDT 2023
# IP Build 3864474 on Sun May  7 20:36:21 MDT 2023
# SharedData Build 3865790 on Sun May 07 13:33:03 MDT 2023
# Start of session at: Tue Mar 12 13:50:43 2024
# Process ID: 11052
# Current directory: F:/MyTemporary/Github/PhotonDetector/Processing_Board/Firmware/ZPhotonDetector
# Command line: vivado.exe -gui_launcher_event rodinguilauncherevent3808 F:\MyTemporary\Github\PhotonDetector\Processing_Board\Firmware\ZPhotonDetector\ZPhotonDetector.xpr
# Log file: F:/MyTemporary/Github/PhotonDetector/Processing_Board/Firmware/ZPhotonDetector/vivado.log
# Journal file: F:/MyTemporary/Github/PhotonDetector/Processing_Board/Firmware/ZPhotonDetector\vivado.jou
# Running On: DESKTOP-R1EC6M9, OS: Windows, CPU Frequency: 3096 MHz, CPU Physical cores: 6, Host memory: 8288 MB
#-----------------------------------------------------------
start_gui
open_project F:/MyTemporary/Github/PhotonDetector/Processing_Board/Firmware/ZPhotonDetector/ZPhotonDetector.xpr
WARNING: [Board 49-26] cannot add Board Part xilinx.com:vek280_es:part0:1.0 available at F:/MySoftware/Xilinx/Vivado/2023.1/data/xhub/boards/XilinxBoardStore/boards/Xilinx/vek280/es/rev_a/1.0/board.xml as part xcve2802-vsvh1760-2lp-e-s-es1 specified in board_part file is either invalid or not available
WARNING: [Board 49-26] cannot add Board Part xilinx.com:vek280_es:part0:1.1 available at F:/MySoftware/Xilinx/Vivado/2023.1/data/xhub/boards/XilinxBoardStore/boards/Xilinx/vek280/es/rev_a/1.1/board.xml as part xcve2802-vsvh1760-2lp-e-s-es1 specified in board_part file is either invalid or not available
WARNING: [Board 49-26] cannot add Board Part xilinx.com:vek280_es_revb:part0:1.0 available at F:/MySoftware/Xilinx/Vivado/2023.1/data/xhub/boards/XilinxBoardStore/boards/Xilinx/vek280/es/rev_b/1.0/board.xml as part xcve2802-vsvh1760-2mp-e-s-es1 specified in board_part file is either invalid or not available
WARNING: [Board 49-26] cannot add Board Part xilinx.com:vek280_es_revb:part0:1.1 available at F:/MySoftware/Xilinx/Vivado/2023.1/data/xhub/boards/XilinxBoardStore/boards/Xilinx/vek280/es/rev_b/1.1/board.xml as part xcve2802-vsvh1760-2mp-e-s-es1 specified in board_part file is either invalid or not available
WARNING: [Board 49-26] cannot add Board Part xilinx.com:vhk158_es:part0:1.0 available at F:/MySoftware/Xilinx/Vivado/2023.1/data/xhub/boards/XilinxBoardStore/boards/Xilinx/vhk158/es/1.0/board.xml as part xcvh1582-vsva3697-2mp-e-s-es1 specified in board_part file is either invalid or not available
WARNING: [Board 49-26] cannot add Board Part xilinx.com:vhk158_es:part0:1.1 available at F:/MySoftware/Xilinx/Vivado/2023.1/data/xhub/boards/XilinxBoardStore/boards/Xilinx/vhk158/es/1.1/board.xml as part xcvh1582-vsva3697-2mp-e-s-es1 specified in board_part file is either invalid or not available
WARNING: [Board 49-26] cannot add Board Part xilinx.com:vpk120_es:part0:1.2 available at F:/MySoftware/Xilinx/Vivado/2023.1/data/xhub/boards/XilinxBoardStore/boards/Xilinx/vpk120/es/1.2/board.xml as part xcvp1202-vsva2785-2mp-e-s-es1 specified in board_part file is either invalid or not available
WARNING: [Board 49-26] cannot add Board Part xilinx.com:vpk120_es:part0:1.3 available at F:/MySoftware/Xilinx/Vivado/2023.1/data/xhub/boards/XilinxBoardStore/boards/Xilinx/vpk120/es/1.3/board.xml as part xcvp1202-vsva2785-2mp-e-s-es1 specified in board_part file is either invalid or not available
WARNING: [Board 49-26] cannot add Board Part xilinx.com:vpk120_es_revb:part0:1.0 available at F:/MySoftware/Xilinx/Vivado/2023.1/data/xhub/boards/XilinxBoardStore/boards/Xilinx/vpk120_revb/es/1.0/board.xml as part xcvp1202-vsva2785-2mp-e-s-es1 specified in board_part file is either invalid or not available
WARNING: [Board 49-26] cannot add Board Part xilinx.com:vpk120_es_revb:part0:1.1 available at F:/MySoftware/Xilinx/Vivado/2023.1/data/xhub/boards/XilinxBoardStore/boards/Xilinx/vpk120_revb/es/1.1/board.xml as part xcvp1202-vsva2785-2mp-e-s-es1 specified in board_part file is either invalid or not available
WARNING: [Board 49-26] cannot add Board Part xilinx.com:vpk180_es:part0:1.0 available at F:/MySoftware/Xilinx/Vivado/2023.1/data/xhub/boards/XilinxBoardStore/boards/Xilinx/vpk180/es/1.0/board.xml as part xcvp1802-lsvc4072-2mp-e-s-es1 specified in board_part file is either invalid or not available
WARNING: [Board 49-26] cannot add Board Part xilinx.com:vpk180_es:part0:1.1 available at F:/MySoftware/Xilinx/Vivado/2023.1/data/xhub/boards/XilinxBoardStore/boards/Xilinx/vpk180/es/1.1/board.xml as part xcvp1802-lsvc4072-2mp-e-s-es1 specified in board_part file is either invalid or not available
WARNING: [Board 49-26] cannot add Board Part xilinx.com:zcu208ld:part0:2.0 available at F:/MySoftware/Xilinx/Vivado/2023.1/data/xhub/boards/XilinxBoardStore/boards/Xilinx/zcu208ld/production/2.0/board.xml as part xczu58dr-fsvg1517-2-i specified in board_part file is either invalid or not available
WARNING: [Board 49-26] cannot add Board Part xilinx.com:zcu216ld:part0:2.0 available at F:/MySoftware/Xilinx/Vivado/2023.1/data/xhub/boards/XilinxBoardStore/boards/Xilinx/zcu216ld/production/2.0/board.xml as part xczu59dr-ffvf1760-2-i specified in board_part file is either invalid or not available
WARNING: [Board 49-26] cannot add Board Part xilinx.com:zcu670:part0:2.0 available at F:/MySoftware/Xilinx/Vivado/2023.1/data/xhub/boards/XilinxBoardStore/boards/Xilinx/zcu670/2.0/board.xml as part xczu67dr-fsve1156-2-i specified in board_part file is either invalid or not available
WARNING: [Board 49-26] cannot add Board Part xilinx.com:zcu670ld:part0:1.0 available at F:/MySoftware/Xilinx/Vivado/2023.1/data/xhub/boards/XilinxBoardStore/boards/Xilinx/zcu670ld/1.0/board.xml as part xczu57dr-fsve1156-2-i specified in board_part file is either invalid or not available
Scanning sources...
Finished scanning sources
INFO: [IP_Flow 19-234] Refreshing IP repositories
INFO: [IP_Flow 19-1704] No user IP repositories specified
INFO: [IP_Flow 19-2313] Loaded Vivado IP repository 'F:/MySoftware/Xilinx/Vivado/2023.1/data/ip'.
open_project: Time (s): cpu = 00:00:28 ; elapsed = 00:00:26 . Memory (MB): peak = 2543.273 ; gain = 475.840
open_bd_design {F:/MyTemporary/Github/PhotonDetector/Processing_Board/Firmware/ZPhotonDetector/ZVerilog/ZBlocks/ZPhotonDetector_Block/ZPhotonDetector_Block.bd}
Reading block design file <F:/MyTemporary/Github/PhotonDetector/Processing_Board/Firmware/ZPhotonDetector/ZVerilog/ZBlocks/ZPhotonDetector_Block/ZPhotonDetector_Block.bd>...
Adding component instance block -- xilinx.com:ip:clk_wiz:6.0 - clk_wiz_0
Adding component instance block -- xilinx.com:module_ref:ZPower_EN:1.0 - ZPower_EN_0
Adding component instance block -- xilinx.com:module_ref:ZEdge_Detect:1.0 - ZEdge_Detect_0
Adding component instance block -- xilinx.com:module_ref:ZMux2to1:1.0 - ZMux2to1_0
Adding component instance block -- xilinx.com:module_ref:ZUART_Data_Dump:1.0 - ZUART_Data_Dump_0
Adding component instance block -- xilinx.com:module_ref:ZTest_Generator:1.0 - ZTest_Generator_0
Adding component instance block -- xilinx.com:module_ref:ZLed_Indicator:1.0 - ZLed_Indicator_0
Adding component instance block -- xilinx.com:module_ref:ZExtSig_Simulator:1.0 - ZExtSig_Simulator_0
Adding component instance block -- xilinx.com:module_ref:ZPulse_Counter:1.0 - ZPulse_Counter_0
Successfully read diagram <ZPhotonDetector_Block> from block design file <F:/MyTemporary/Github/PhotonDetector/Processing_Board/Firmware/ZPhotonDetector/ZVerilog/ZBlocks/ZPhotonDetector_Block/ZPhotonDetector_Block.bd>
open_bd_design: Time (s): cpu = 00:00:05 ; elapsed = 00:00:18 . Memory (MB): peak = 2547.758 ; gain = 0.348
update_compile_order -fileset sources_1
write_bd_layout -format pdf -orientation portrait F:/MyTemporary/Github/PhotonDetector/Processing_Board/Firmware/ZPhotonDetector_Block.pdf
F:/MyTemporary/Github/PhotonDetector/Processing_Board/Firmware/ZPhotonDetector_Block.pdf
exit
INFO: [Common 17-206] Exiting Vivado at Tue Mar 12 13:54:03 2024...
