WARNING:coreutil:1006 - Xilinx repository path
   'D:\Software\Xilinx\14.7\ISE_DS\ISE_XCN14003_patch\coregen' is not a valid
   directory
INFO:sim:172 - Generating IP...
Applying current project options...
Finished applying current project options.
WARNING:sim - A core named 'ZPulseCounter_FIFO' already exists in the project.
   Output products for this core may be overwritten.
Resolving generics for 'ZPulseCounter_FIFO'...
WARNING:sim - A core named 'ZPulseCounter_FIFO' already exists in the project.
   Output products for this core may be overwritten.
Applying external generics to 'ZPulseCounter_FIFO'...
Delivering associated files for 'ZPulseCounter_FIFO'...
Delivering EJava files for 'ZPulseCounter_FIFO'...
Generating implementation netlist for 'ZPulseCounter_FIFO'...
INFO:sim - Pre-processing HDL files for 'ZPulseCounter_FIFO'...
WARNING:sim - BlackBox generator run option '-ifmt' found multiple times. Only
   the first occurence is considered.
Running synthesis for 'ZPulseCounter_FIFO'
Running ngcbuild...
Writing VEO instantiation template for 'ZPulseCounter_FIFO'...
Writing Verilog behavioral simulation model for 'ZPulseCounter_FIFO'...
WARNING:sim - Overwriting existing file
   D:/Work/GitHub/PhotonDetector/ZSinglePhotonDetector/code/ZPulse_Counter/tmp/_
   cg/ZPulseCounter_FIFO/doc/fifo_generator_v9_3_vinfo.html with file from view
   xilinx_documentation
Delivered 3 files into directory
D:/Work/GitHub/PhotonDetector/ZSinglePhotonDetector/code/ZPulse_Counter/tmp/_cg/
ZPulseCounter_FIFO
Delivered 1 file into directory
D:/Work/GitHub/PhotonDetector/ZSinglePhotonDetector/code/ZPulse_Counter/tmp/_cg/
ZPulseCounter_FIFO
Generating ASY schematic symbol...
INFO:sim:949 - Finished generation of ASY schematic symbol.
Generating SYM schematic symbol for 'ZPulseCounter_FIFO'...
Generating metadata file...
Regenerating ISE project file for 'ZPulseCounter_FIFO'...
Generating ISE project...
XCO file found: ZPulseCounter_FIFO.xco
XMDF file found: ZPulseCounter_FIFO_xmdf.tcl
Adding
D:/Work/GitHub/PhotonDetector/ZSinglePhotonDetector/code/ZPulse_Counter/tmp/_cg/
ZPulseCounter_FIFO.asy -view all -origin_type imported
Adding
D:/Work/GitHub/PhotonDetector/ZSinglePhotonDetector/code/ZPulse_Counter/tmp/_cg/
ZPulseCounter_FIFO.ngc -view all -origin_type created
Checking file
"D:/Work/GitHub/PhotonDetector/ZSinglePhotonDetector/code/ZPulse_Counter/tmp/_cg
/ZPulseCounter_FIFO.ngc" for project device match ...
File
"D:/Work/GitHub/PhotonDetector/ZSinglePhotonDetector/code/ZPulse_Counter/tmp/_cg
/ZPulseCounter_FIFO.ngc" device information matches project device.
Adding
D:/Work/GitHub/PhotonDetector/ZSinglePhotonDetector/code/ZPulse_Counter/tmp/_cg/
ZPulseCounter_FIFO.sym -view all -origin_type imported
Adding
D:/Work/GitHub/PhotonDetector/ZSinglePhotonDetector/code/ZPulse_Counter/tmp/_cg/
ZPulseCounter_FIFO.v -view all -origin_type created
INFO:HDLCompiler:1845 - Analyzing Verilog file
   "D:/Work/GitHub/PhotonDetector/ZSinglePhotonDetector/code/ZPulse_Counter/tmp/
   _cg/ZPulseCounter_FIFO.v" into library work
INFO:ProjectMgmt - Parsing design hierarchy completed successfully.
Adding
D:/Work/GitHub/PhotonDetector/ZSinglePhotonDetector/code/ZPulse_Counter/tmp/_cg/
ZPulseCounter_FIFO.veo -view all -origin_type imported
INFO:TclTasksC:2116 - The automatic calculation of top has been turned-off.
   Please set the new top explicitly by running the "project set top" command.
   To re-calculate the new top automatically, set the "Auto Implementation Top"
   property to true.
Top level has been set to "/ZPulseCounter_FIFO"
Generating README file...
Generating FLIST file...
INFO:sim:948 - Finished FLIST file generation.
Launching README viewer...
Moving files to output directory...
Finished moving files to output directory
Wrote CGP file for project 'ZPulseCounter_FIFO'.
