#-----------------------------------------------------------
# PlanAhead v14.7 (64-bit)
# Build 321239 by xbuild on Fri Sep 27 19:29:51 MDT 2013
# Start of session at: Tue Mar 21 09:11:45 2023
# Process ID: 12028
# Log file: D:/Work/GitHub/PhotonDetector/XC6SLX25/SinglePhotonCounter/planAhead_run_1/planAhead.log
# Journal file: D:/Work/GitHub/PhotonDetector/XC6SLX25/SinglePhotonCounter/planAhead_run_1/planAhead.jou
#-----------------------------------------------------------
INFO: [Common 17-78] Attempting to get a license: PlanAhead
INFO: [Common 17-290] Got license for PlanAhead
INFO: [Device 21-36] Loading parts and site information from D:/Software/Xilinx/14.7/ISE_DS/PlanAhead/data/parts/arch.xml
Parsing RTL primitives file [D:/Software/Xilinx/14.7/ISE_DS/PlanAhead/data/parts/xilinx/rtl/prims/rtl_prims.xml]
Finished parsing RTL primitives file [D:/Software/Xilinx/14.7/ISE_DS/PlanAhead/data/parts/xilinx/rtl/prims/rtl_prims.xml]
start_gui
source D:/Work/GitHub/PhotonDetector/XC6SLX25/SinglePhotonCounter/pa.fromNetlist.tcl
# create_project -name SinglePhotonCounter -dir "D:/Work/GitHub/PhotonDetector/XC6SLX25/SinglePhotonCounter/planAhead_run_1" -part xc6slx25ftg256-2
# set_property design_mode GateLvl [get_property srcset [current_run -impl]]
INFO: [Common 17-41] Interrupt caught. Command should exit soon.
INFO: [Common 17-344] 'source' was cancelled
exit
ERROR: [PlanAhead 12-106] *** Exception: ui.h.b: Found deleted key in HTclEventBroker. Verify if the classes listed here call cleanup()
HTclEvent: DEBUG_CORE_CONFIG_CHANGE   Classes: ui.views.aR 
HTclEvent: SIGNAL_MODIFY   Classes: ui.views.aR 
HTclEvent: DEBUG_PORT_CONFIG_CHANGE   Classes: ui.views.aR 
HTclEvent: SIGNAL_BUS_MODIFY   Classes: ui.views.aR 
 (See D:/Work/GitHub/PhotonDetector/XC6SLX25/SinglePhotonCounter\planAhead_pid12028.debug)
ERROR: [Common 17-39] 'stop_gui' failed due to earlier errors.
INFO: [Common 17-206] Exiting PlanAhead at Tue Mar 21 09:11:58 2023...
INFO: [Common 17-83] Releasing license: PlanAhead
