INFO:sim:172 - Generating IP...
Applying current project options...
Finished applying current project options.
WARNING:sim - A core named 'ZsyPLL' already exists in the project. Output
   products for this core may be overwritten.
Resolving generics for 'ZsyPLL'...
WARNING:sim - A core named 'ZsyPLL' already exists in the project. Output
   products for this core may be overwritten.
Applying external generics to 'ZsyPLL'...
Delivering associated files for 'ZsyPLL'...
WARNING:sim - Component clk_wiz_v3_6 does not have a valid model name for
   Verilog synthesis
Delivering EJava files for 'ZsyPLL'...
Delivered 3 files into directory
F:/MyTemporary/Github/PhotonDetector/Ultimate_Integration/ISEProject/ipcore_dir/
tmp/_cg/ZsyPLL
Delivered 1 file into directory
F:/MyTemporary/Github/PhotonDetector/Ultimate_Integration/ISEProject/ipcore_dir/
tmp/_cg/ZsyPLL
Generating ASY schematic symbol...
Loading device for application Rf_Device from file '6slx25.nph' in environment
F:\MySoftware\14.7\ISE_DS\ISE\.
INFO:sim:949 - Finished generation of ASY schematic symbol.
Generating SYM schematic symbol for 'ZsyPLL'...
Generating ISE project...
XCO file found: ZsyPLL.xco
XMDF file found: ZsyPLL_xmdf.tcl
Adding
F:/MyTemporary/Github/PhotonDetector/Ultimate_Integration/ISEProject/ipcore_dir/
tmp/_cg/ZsyPLL.asy -view all -origin_type imported
Adding
F:/MyTemporary/Github/PhotonDetector/Ultimate_Integration/ISEProject/ipcore_dir/
tmp/_cg/ZsyPLL.ucf -view all -origin_type created
Adding
F:/MyTemporary/Github/PhotonDetector/Ultimate_Integration/ISEProject/ipcore_dir/
tmp/_cg/ZsyPLL.v -view all -origin_type created
INFO:HDLCompiler:1845 - Analyzing Verilog file
   "F:/MyTemporary/Github/PhotonDetector/Ultimate_Integration/ISEProject/ipcore_
   dir/tmp/_cg/ZsyPLL.v" into library work
INFO:ProjectMgmt - Parsing design hierarchy completed successfully.
Adding
F:/MyTemporary/Github/PhotonDetector/Ultimate_Integration/ISEProject/ipcore_dir/
tmp/_cg/ZsyPLL.veo -view all -origin_type imported
INFO:TclTasksC:2116 - The automatic calculation of top has been turned-off.
   Please set the new top explicitly by running the "project set top" command.
   To re-calculate the new top automatically, set the "Auto Implementation Top"
   property to true.
Top level has been set to "/ZsyPLL"
Generating README file...
Generating FLIST file...
INFO:sim:948 - Finished FLIST file generation.
Launching README viewer...
Moving files to output directory...
Finished moving files to output directory
Wrote CGP file for project 'ZsyPLL'.
