Copyright 1986-2022 Xilinx, Inc. All Rights Reserved. Copyright 2022-2023 Advanced Micro Devices, Inc. All Rights Reserved.
-----------------------------------------------------------------------------------------------------------------------------------------------------------------------------------------------------------------------------
| Tool Version : Vivado v.2023.1 (win64) Build 3865809 Sun May  7 15:05:29 MDT 2023
| Date         : Fri Nov 10 16:42:09 2023
| Host         : DESKTOP-R1EC6M9 running 64-bit major release  (build 9200)
| Command      : report_methodology -file ZPhotonDetector_Block_wrapper_methodology_drc_routed.rpt -pb ZPhotonDetector_Block_wrapper_methodology_drc_routed.pb -rpx ZPhotonDetector_Block_wrapper_methodology_drc_routed.rpx
| Design       : ZPhotonDetector_Block_wrapper
| Device       : xc7s25ftgb196-1
| Speed File   : -1
| Design State : Fully Routed
-----------------------------------------------------------------------------------------------------------------------------------------------------------------------------------------------------------------------------

Report Methodology

Table of Contents
-----------------
1. REPORT SUMMARY
2. REPORT DETAILS

1. REPORT SUMMARY
-----------------
            Netlist: netlist
          Floorplan: checkpoint_ZPhotonDetector_Block_wrapper
      Design limits: <entire design considered>
             Max violations: <unlimited>
             Violations found: 0
+------+----------+-------------+------------+
| Rule | Severity | Description | Violations |
+------+----------+-------------+------------+
+------+----------+-------------+------------+

2. REPORT DETAILS
-----------------

