(---------------------------------------------------------------------)
(                                                                     )
(    Allegro Netrev Import Logic                                      )
(                                                                     )
(    Drawing          : CrazyRabbit-1.brd                             )
(    Software Version : 22.1P001                                      )
(    Date/Time        : Sun Oct  8 14:20:48 2023                      )
(                                                                     )
(---------------------------------------------------------------------)


------ Directives ------------

Ripup etch:                  No
Ripup delete first segment:  No
Ripup retain bondwire:       No
Ripup symbols:               Always
Missing symbol has error:    No
DRC update:                  Yes
Schematic directory:         'F:/MyTemporary/Github/PhotonDetector/CrazyRabbit/Schematic/Netlist'
Design Directory:            'F:/MyTemporary/Github/PhotonDetector/CrazyRabbit/PCB'
Old design name:             'F:/MyTemporary/Github/PhotonDetector/CrazyRabbit/PCB/CrazyRabbit-1.brd'
New design name:             'F:/MyTemporary/Github/PhotonDetector/CrazyRabbit/PCB/CrazyRabbit-1.brd'

CmdLine: netrev -$ -i F:/MyTemporary/Github/PhotonDetector/CrazyRabbit/Schematic/Netlist -y 1 -h -q netrev_constraint_report.xml F:/MyTemporary/Github/PhotonDetector/CrazyRabbit/PCB/#Taaaakj08228.tmp

------ Preparing to read pst files ------

Starting to read F:/MyTemporary/Github/PhotonDetector/CrazyRabbit/Schematic/Netlist/pstchip.dat 
   Finished reading F:/MyTemporary/Github/PhotonDetector/CrazyRabbit/Schematic/Netlist/pstchip.dat (00:00:00.01)
Starting to read F:/MyTemporary/Github/PhotonDetector/CrazyRabbit/Schematic/Netlist/pstxprt.dat 
   Finished reading F:/MyTemporary/Github/PhotonDetector/CrazyRabbit/Schematic/Netlist/pstxprt.dat (00:00:00.00)
Starting to read F:/MyTemporary/Github/PhotonDetector/CrazyRabbit/Schematic/Netlist/pstxnet.dat 
   Finished reading F:/MyTemporary/Github/PhotonDetector/CrazyRabbit/Schematic/Netlist/pstxnet.dat (00:00:00.00)

------ Oversights/Warnings/Errors ------


------ Library Paths ------
MODULEPATH =  . 
           F:/MySoftware/Cadence/share/local/pcb/modules 

PSMPATH =  . 
           symbols 
           .. 
           ../symbols 
           F:/MySoftware/Cadence/share/local/pcb/symbols 
           F:/MySoftware/Cadence/share/pcb/pcb_lib/symbols 
           F:/MySoftware/Cadence/share/pcb/allegrolib/symbols 
           F:/MyTemporary/Github/PhotonDetector/Processing_Board/PCB/Footprint/psm 
           F:/MyTemporary/Github/PhotonDetector/CrazyRabbit/PCB/Footprint 

PADPATH =  . 
           symbols 
           .. 
           ../symbols 
           F:/MySoftware/Cadence/share/local/pcb/padstacks 
           F:/MySoftware/Cadence/share/pcb/pcb_lib/symbols 
           F:/MySoftware/Cadence/share/pcb/allegrolib/symbols 
           F:/MyTemporary/Github/PhotonDetector/Processing_Board/PCB/Footprint/pad 


------ Summary Statistics ------


netrev run on Oct 8 14:20:48 2023
   DESIGN NAME : 'CRAZYRABBIT'
   PACKAGING ON Oct  6 2022 20:42:06

   COMPILE 'logic'
   CHECK_PIN_NAMES OFF
   CROSS_REFERENCE OFF
   FEEDBACK OFF
   INCREMENTAL OFF
   INTERFACE_TYPE PHYSICAL
   MAX_ERRORS 500
   MERGE_MINIMUM 5
   NET_NAME_CHARS '#%&()*+-./:=>?@[]^_`|'
   NET_NAME_LENGTH 24
   OVERSIGHTS ON
   REPLACE_CHECK OFF
   SINGLE_NODE_NETS ON
   SPLIT_MINIMUM 0
   SUPPRESS   20
   WARNINGS ON

 No error detected
 No oversight detected
 No warning detected

cpu time      0:01:17
elapsed time  0:00:00

