(---------------------------------------------------------------------)
(                                                                     )
(    QUICKPLACE LOG                                                   )
(                                                                     )
(    Drawing          : CrazyRabbit-1.brd                             )
(    Software Version : 22.1P001                                      )
(    Date/Time        : Sun Oct  8 14:16:58 2023                      )
(                                                                     )
(---------------------------------------------------------------------)


State: Placing on layer TOP

         Placed symbol:  C142 / CAP NP_C0402_0.22UF / C0402 at (0.9764 71.1188)
         Placed symbol:  C143 / CAP NP_C0402_0.22UF / C0402 at (3.7028 71.1188)
         Placed symbol:  C144 / CAP NP_C0402_0.22UF / C0402 at (6.4292 71.1188)
         Placed symbol:  C145 / CAP NP_C0402_0.22UF / C0402 at (9.1556 71.1188)
         Placed symbol:  C146 / CAP NP_C0402_0.22UF / C0402 at (11.8820 71.1188)
         Placed symbol:  C147 / CAP NP_C0402_0.22UF / C0402 at (14.6084 71.1188)
         Placed symbol:  C148 / CAP NP_C0402_0.22UF / C0402 at (17.3348 71.1188)
         Placed symbol:  C149 / CAP NP_C0402_0.22UF / C0402 at (20.0612 71.1188)
         Placed symbol:  C150 / CAP NP_C0402_0.22UF / C0402 at (22.7876 71.1188)
         Placed symbol:  R71 / R_R0402_10R / R0402 at (25.5140 71.1188)
         Placed symbol:  R72 / R_R0402_10R / R0402 at (28.2404 71.1188)


Placed 11 of 11 applicable (11 total) symbols.

-----------------------------------------------------------------------

State: Placing on layer TOP



Placed 0 of 0 applicable (0 total) symbols.

-----------------------------------------------------------------------

State: Placing on layer TOP



Placed 0 of 0 applicable (0 total) symbols.

-----------------------------------------------------------------------

State: Placing on layer TOP



Placed 0 of 0 applicable (0 total) symbols.

-----------------------------------------------------------------------

State: Placing on layer TOP



Placed 0 of 0 applicable (0 total) symbols.

-----------------------------------------------------------------------

